Loading svelte-check in workspace: d:\Work Desk\Tyresoles\front-end
Getting Svelte diagnostics...

d:\Work Desk\Tyresoles\front-end\[32msrc\lib\components\ui\carousel\carousel.svelte[39m:25:3
[33mWarn[39m: This reference only captures the initial value of `orientation`. Did you mean to reference it inside a derived instead?
https://svelte.dev/e/state_referenced_locally (svelte)
[36m		scrollNext,
		[35morientation[36m,
		canScrollNext: false,[39m

d:\Work Desk\Tyresoles\front-end\[32msrc\lib\components\ui\carousel\carousel.svelte[39m:29:12
[33mWarn[39m: This reference only captures the initial value of `opts`. Did you mean to reference it inside a derived instead?
https://svelte.dev/e/state_referenced_locally (svelte)
[36m		handleKeyDown,
		options: [35mopts[36m,
		plugins,[39m

d:\Work Desk\Tyresoles\front-end\[32msrc\lib\components\ui\carousel\carousel.svelte[39m:30:3
[33mWarn[39m: This reference only captures the initial value of `plugins`. Did you mean to reference it inside a derived instead?
https://svelte.dev/e/state_referenced_locally (svelte)
[36m		options: opts,
		[35mplugins[36m,
		onInit,[39m

d:\Work Desk\Tyresoles\front-end\[32msrc\lib\components\ui\chart\chart-container.svelte[39m:20:27
[33mWarn[39m: This reference only captures the initial value of `id`. Did you mean to reference it inside a closure instead?
https://svelte.dev/e/state_referenced_locally (svelte)
[36m
	const chartId = `chart-${[35mid[36m || uid.replace(/:/g, "")}`;[39m

d:\Work Desk\Tyresoles\front-end\[32msrc\lib\components\ui\menubar\menubar-item.svelte[39m:18:36
[33mWarn[39m: This reference only captures the initial value of `className`. Did you mean to reference it inside a closure instead?
https://svelte.dev/e/state_referenced_locally (svelte)
[36m		"focus:bg-accent focus:text-accent-foreground data-[variant=destructive]:text-destructive data-[variant=destructive]:focus:bg-destructive/10 dark:data-[variant=destructive]:focus:bg-destructive/20 data-[variant=destructive]:focus:text-destructive data-[variant=destructive]:*:[svg]:!text-destructive [&_svg:not([class*='text-'])]:text-muted-foreground relative flex cursor-default items-center gap-2 rounded-sm px-2 py-1.5 text-sm outline-hidden select-none data-[disabled]:pointer-events-none data-[disabled]:opacity-50 data-[inset]:ps-8 [&_svg]:pointer-events-none [&_svg]:shrink-0 [&_svg:not([class*='size-'])]:size-4";
	const mergedClass = cn(baseClass, [35mclassName[36m);
</script>[39m

d:\Work Desk\Tyresoles\front-end\[32msrc\lib\components\ui\toggle-group\toggle-group.svelte[39m:36:3
[33mWarn[39m: This reference only captures the initial value of `variant`. Did you mean to reference it inside a closure instead?
https://svelte.dev/e/state_referenced_locally (svelte)
[36m	setToggleGroupCtx({
		[35mvariant[36m,
		size,[39m

d:\Work Desk\Tyresoles\front-end\[32msrc\lib\components\ui\toggle-group\toggle-group.svelte[39m:37:3
[33mWarn[39m: This reference only captures the initial value of `size`. Did you mean to reference it inside a closure instead?
https://svelte.dev/e/state_referenced_locally (svelte)
[36m		variant,
		[35msize[36m,
		spacing,[39m

d:\Work Desk\Tyresoles\front-end\[32msrc\lib\components\ui\toggle-group\toggle-group.svelte[39m:38:3
[33mWarn[39m: This reference only captures the initial value of `spacing`. Did you mean to reference it inside a closure instead?
https://svelte.dev/e/state_referenced_locally (svelte)
[36m		size,
		[35mspacing[36m,
	});[39m

d:\Work Desk\Tyresoles\front-end\[32msrc\lib\components\venUI\balanceWidget\BalanceWidget.svelte[39m:234:24
[31mError[39m: Property 'product' does not exist on type '{ __typename: "EntityBalance"; code: string; balance: unknown; }'. (ts)
[36m          <div class="bw-avatar">
            {(balance?.[35mproduct[36m || "?").charAt(0).toUpperCase()}
          </div>[39m

d:\Work Desk\Tyresoles\front-end\[32msrc\lib\components\venUI\calendar-view\CalendarView.svelte[39m:311:7
[33mWarn[39m: Elements with the 'gridcell' interactive role must have a tabindex value
https://svelte.dev/e/a11y_interactive_supports_focus (svelte)
[36m						{@const isWeekend = col === 0 || col === 6}
						[35m<div
					class={cn(
						'group relative min-h-[72px] border-b border-r border-border p-1 transition-colors sm:min-h-[88px]',
						day && 'cursor-pointer hover:bg-muted/40',
						day && isSelected(day) && 'bg-primary/8 ring-inset ring-1 ring-primary',
						day && isToday(day) && !isSelected(day) && 'bg-accent/30',
						!day && 'bg-muted/10',
						isWeekend && day && 'bg-muted/5'
					)}
					role="gridcell"
					onclick={() => {
						if (day) { selectedDate = day; onSelectDay?.(day); }
					}}
					onkeydown={(e) => {
						if (day && (e.key === 'Enter' || e.key === ' ')) { selectedDate = day; onSelectDay?.(day); }
					}}
				>
							{#if day}
								<!-- Day number -->
								<div class="mb-0.5 flex items-center justify-between">
									<span
										class={cn(
											'inline-flex size-6 items-center justify-center rounded-full text-xs font-semibold',
											isToday(day) && 'bg-primary text-primary-foreground',
											isSelected(day) && !isToday(day) && 'bg-primary/20 text-primary font-bold',
											!isToday(day) && !isSelected(day) && 'text-foreground/80'
										)}
									>
										{day.day}
									</span>
									{#if dayEvs.length > 0 && onAddEvent}
										<button
											type="button"
											class="invisible size-4 rounded text-muted-foreground group-hover:visible hover:text-primary"
											onclick={(e) => { e.stopPropagation(); onAddEvent?.(day); }}
											title="Add event"
										>
											<Icon name="plus" class="size-3.5" />
										</button>
									{/if}
								</div>

								<!-- Events -->
								<div class="space-y-0.5">
									{#each dayEvs.slice(0, 2) as ev}
										<button
											type="button"
											class="flex w-full items-center gap-1 truncate rounded-[4px] px-1 py-0.5 text-left text-[10px] font-medium leading-tight text-white transition-opacity hover:opacity-80 sm:text-xs"
											style="background-color: {eventDot(ev)}"
											onclick={(e) => { e.stopPropagation(); onSelectEvent?.(ev); }}
										>
											{#if !ev.isAllDay}
												<span class="hidden shrink-0 sm:inline opacity-80">{formatTime(ev.startUtc)}</span>
											{/if}
											<span class="truncate">{ev.title}</span>
										</button>
									{/each}
									{#if dayEvs.length > 2}
										<Popover.Root>
											<Popover.Trigger>
												<button
													type="button"
													class="w-full rounded-[4px] px-1 py-0.5 text-left text-[10px] text-muted-foreground transition-colors hover:bg-muted hover:text-foreground"
													onclick={(e: MouseEvent) => e.stopPropagation()}
												>
													+{dayEvs.length - 2} more
												</button>
											</Popover.Trigger>
											<Popover.Content class="w-60 p-2" align="start" onclick={(e: MouseEvent) => e.stopPropagation()}>
												<p class="mb-2 text-xs font-semibold text-muted-foreground">
													{new Date(day.year, day.month - 1, day.day).toLocaleDateString('en-US', { weekday: 'long', month: 'long', day: 'numeric' })}
												</p>
												<ul class="space-y-1">
													{#each dayEvs as ev}
														<li>
															<button
																type="button"
																class="flex w-full items-start gap-2 rounded-md px-2 py-1.5 text-left transition-colors hover:bg-muted"
																onclick={() => onSelectEvent?.(ev)}
															>
																<span
																	class="mt-1 size-2 shrink-0 rounded-full"
																	style="background-color:{eventDot(ev)}"
																></span>
																<div class="min-w-0">
																	<p class="truncate text-xs font-medium">{ev.title}</p>
																	<p class="text-[10px] text-muted-foreground">
																		{ev.isAllDay ? 'All day' : formatTime(ev.startUtc)}
																	</p>
																</div>
															</button>
														</li>
													{/each}
												</ul>
											</Popover.Content>
										</Popover.Root>
									{/if}
								</div>
							{/if}
						</div>[36m
					{/each}[39m

d:\Work Desk\Tyresoles\front-end\[32msrc\lib\components\venUI\date-picker\date-input.svelte[39m:46:1
[33mWarn[39m: `<div>` with a mouseenter or mouseleave handler must have an ARIA role
https://svelte.dev/e/a11y_no_static_element_interactions (svelte)
[36m-->
[35m<div
  class={cn(
    "border-input bg-background dark:bg-input/30 ring-offset-background placeholder:text-muted-foreground flex h-9 w-full min-w-0 items-center justify-between rounded-md border px-3 py-1 text-base shadow-xs transition-[color,box-shadow] outline-none md:text-sm",
    "group-focus-visible:border-ring group-focus-visible:ring-ring/50 group-focus-visible:ring-[3px]",
    "aria-invalid:ring-destructive/20 dark:aria-invalid:ring-destructive/40 aria-invalid:border-destructive",
    isActive && "border-ring ring-ring/50 ring-[3px]",
    disabled && "cursor-not-allowed opacity-50",
    "cursor-pointer relative",
  )}
  onmouseenter={() => (isHovered = true)}
  onmouseleave={() => (isHovered = false)}
  aria-disabled={disabled}
>
  {#if mode === "single"}
    <!-- Single Input Layout -->
    <div class="flex-1 overflow-hidden text-ellipsis whitespace-nowrap">
      {#if value}
        <span class="text-foreground">{startText}</span>
      {:else}
        <span class="text-muted-foreground">{placeholder}</span>
      {/if}
    </div>
  {:else}
    <!-- Range Input Layout -->
    <div class="flex items-center gap-1.5 flex-1 min-w-0 overflow-hidden">
      <span
        class={cn(
          "truncate transition-opacity",
          !startText && "text-muted-foreground",
          startText && "text-foreground",
        )}
      >
        {startText || startPlaceholder}
      </span>

      <span class="text-muted-foreground shrink-0">
        <Icon name="arrow-right" class="size-3" />
      </span>

      <span
        class={cn(
          "truncate transition-opacity",
          !endText && "text-muted-foreground",
          endText && "text-foreground",
        )}
      >
        {endText || endPlaceholder}
      </span>
    </div>
  {/if}

  <!-- Icons -->
  <div class="ml-2 flex flex-col justify-center">
    <!-- Clear Button (Absolute or Overlay) -->
    {#if showClear}
      <button
        type="button"
        class="absolute right-2 top-1/2 -translate-y-1/2 rounded-full p-0.5 hover:bg-muted text-muted-foreground hover:text-foreground transition-colors z-10 bg-background"
        onclick={(e) => {
          e.stopPropagation();
          onClear?.();
        }}
      >
        <Icon name="x" class="size-3" />
      </button>
    {:else}
      <!-- Default Calendar Icon -->
      <Icon
        name="calendar"
        class="size-4 text-muted-foreground pointer-events-none"
      />
    {/if}
  </div>
</div>[36m[39m

d:\Work Desk\Tyresoles\front-end\[32msrc\lib\components\venUI\date-picker\date-picker.svelte[39m:135:40
[33mWarn[39m: This reference only captures the initial value of `picker`. Did you mean to reference it inside a closure instead?
https://svelte.dev/e/state_referenced_locally (svelte)
[36m  // Should initialize to 'picker'
  let currentView = $state<PickerMode>([35mpicker[36m);[39m

d:\Work Desk\Tyresoles\front-end\[32msrc\lib\components\venUI\date-picker\date-picker.svelte[39m:256:7
[31mError[39m: Type 'CalendarDate | ZonedDateTime' is not assignable to type 'CalendarDate'.
  Type 'ZonedDateTime' is not assignable to type 'CalendarDate'.
    Property '#private' in type 'ZonedDateTime' refers to a different member that cannot be accessed from within type 'CalendarDate'. (ts)
[36m    } else {
      [35mviewDate[36m = refDate;
    }[39m

d:\Work Desk\Tyresoles\front-end\[32msrc\lib\components\venUI\calendar-view\WeeklyEventDashboardWidget.svelte[39m:340:17
[33mWarn[39m: Visible, non-interactive elements with a click event must be accompanied by a keyboard event handler. Consider whether an interactive element such as `<button type="button">` or `<a>` might be more appropriate
https://svelte.dev/e/a11y_click_events_have_key_events (svelte)
[36m              {#if event.tasks?.length > 0}
                [35m<div class="mt-2 space-y-1 pl-1" onclick={(e) => e.stopPropagation()}>
                  {#each event.tasks as task}
                    {@render renderTask(task, 0)}
                  {/each}
                </div>[36m
              {/if}[39m

d:\Work Desk\Tyresoles\front-end\[32msrc\lib\components\venUI\calendar-view\WeeklyEventDashboardWidget.svelte[39m:340:17
[33mWarn[39m: `<div>` with a click handler must have an ARIA role
https://svelte.dev/e/a11y_no_static_element_interactions (svelte)
[36m              {#if event.tasks?.length > 0}
                [35m<div class="mt-2 space-y-1 pl-1" onclick={(e) => e.stopPropagation()}>
                  {#each event.tasks as task}
                    {@render renderTask(task, 0)}
                  {/each}
                </div>[36m
              {/if}[39m

d:\Work Desk\Tyresoles\front-end\[32msrc\lib\components\venUI\dashboards\NotificationDropdown.svelte[39m:179:5
[33mWarn[39m: Also define the standard property 'line-clamp' for compatibility (css)
[36m    display: -webkit-box;
    [35m-webkit-line-clamp[36m: 2;
    -webkit-box-orient: vertical;[39m

d:\Work Desk\Tyresoles\front-end\[32msrc\lib\components\venUI\dashboards\SalesChart.svelte[39m:6:29
[31mError[39m: Could not find a declaration file for module 'd3-scale'. 'd:/Work Desk/Tyresoles/front-end/node_modules/d3-scale/src/index.js' implicitly has an 'any' type.
  Try `npm i --save-dev @types/d3-scale` if it exists or add a new declaration (.d.ts) file containing `declare module 'd3-scale';` (ts)
[36m  import { toast } from "$lib/components/venUI/toast";
  import { scaleBand } from [35m"d3-scale"[36m;
  import { BarChart, type ChartContextValue } from "layerchart";[39m

d:\Work Desk\Tyresoles\front-end\[32msrc\lib\components\venUI\dashboards\SalesChart.svelte[39m:193:33
[31mError[39m: Property 'data' does not exist on type 'SimplifiedChartSnippetProps<MonthlySalesRow, Component<BarsProps, {}, "">, BarChartExtraSnippetProps<MonthlySalesRow>>'. (ts)
[36m                {#snippet tooltip(props)}
                    {#if props?.[35mdata[36m}
                        <div class="p-2 bg-background border rounded-lg shadow-xl text-xs">[39m

d:\Work Desk\Tyresoles\front-end\[32msrc\lib\components\venUI\dashboards\SalesChart.svelte[39m:195:83
[31mError[39m: Property 'data' does not exist on type 'SimplifiedChartSnippetProps<MonthlySalesRow, Component<BarsProps, {}, "">, BarChartExtraSnippetProps<MonthlySalesRow>>'. (ts)
[36m                        <div class="p-2 bg-background border rounded-lg shadow-xl text-xs">
                            <div class="font-bold border-bottom pb-1 mb-1">{props.[35mdata[36m.month}</div>
                            <div class="flex items-center gap-2">[39m

d:\Work Desk\Tyresoles\front-end\[32msrc\lib\components\venUI\dashboards\SalesChart.svelte[39m:198:68
[31mError[39m: Property 'data' does not exist on type 'SimplifiedChartSnippetProps<MonthlySalesRow, Component<BarsProps, {}, "">, BarChartExtraSnippetProps<MonthlySalesRow>>'. (ts)
[36m                                <div class="size-2 rounded-full" style="background: {chartConfig.sale.color}"></div>
                                <span>Sales: <b>{formatValue(props.[35mdata[36m.sale, currentUnit)}</b></span>
                            </div>[39m

d:\Work Desk\Tyresoles\front-end\[32msrc\lib\components\venUI\dashboards\sales-chart\index.ts[39m:2:15
[31mError[39m: Module '"./types"' has no exported member 'SalesChartRow'. 
[36mexport { fetchSalesChart } from "./api";
export type { [35mSalesChartRow[36m, SalesChartParams } from "./types";[39m

d:\Work Desk\Tyresoles\front-end\[32msrc\lib\services\graphql\parallel-examples.ts[39m:169:30
[31mError[39m: Property 'users' does not exist on type '{}'. 
[36m	if (users.success && posts.success) {
		const userId = users.data?.[35musers[36m[0]?.id;
		const postId = posts.data?.posts[0]?.id;[39m

d:\Work Desk\Tyresoles\front-end\[32msrc\lib\services\graphql\parallel-examples.ts[39m:170:30
[31mError[39m: Property 'posts' does not exist on type '{}'. 
[36m		const userId = users.data?.users[0]?.id;
		const postId = posts.data?.[35mposts[36m[0]?.id;[39m

d:\Work Desk\Tyresoles\front-end\[32msrc\lib\components\venUI\report-viewer\ReportViewer.svelte[39m:53:49
[33mWarn[39m: This reference only captures the initial value of `defaultExportFormat`. Did you mean to reference it inside a closure instead?
https://svelte.dev/e/state_referenced_locally (svelte)
[36m  let wasLoading = $state(false);
  let exportFormat = $state<ReportOutputFormat>([35mdefaultExportFormat[36m);
  let dataObjectUrl = $state<string | null>(null);[39m

d:\Work Desk\Tyresoles\front-end\[32msrc\routes\(user)\(admin)\dealers\+page.svelte[39m:21:65
[31mError[39m: Type '{ __typename: "SalespersonPurchaser"; code: string | null; name: string | null; phoneNo: string | null; }[] | null' has no matching index signature for type 'number'. (ts)
[36m
	type Dealer = NonNullable<GetDealersQuery['dealers']>['items'][[35mnumber[36m];
	type ViewMode = 'grid' | 'table';[39m

d:\Work Desk\Tyresoles\front-end\[32msrc\routes\(user)\(admin)\dealers\dealers-list.example.svelte[39m:31:65
[31mError[39m: Type '{ __typename: "SalespersonPurchaser"; code: string | null; name: string | null; phoneNo: string | null; }[] | null' has no matching index signature for type 'number'. (ts)
[36m
	type Dealer = NonNullable<GetDealersQuery['dealers']>['items'][[35mnumber[36m];
	type ViewMode = 'grid' | 'table';[39m

d:\Work Desk\Tyresoles\front-end\[32msrc\routes\(user)\(admin)\dealers\[code]\dealers-detail.example.svelte[39m:34:3
[31mError[39m: '"$lib/services/graphql/generated/types"' has no exported member named 'GetDealerByCodeDocument'. Did you mean 'GetDealersDocument'? (ts)
[36m	import {
		[35mGetDealerByCodeDocument[36m,
		UpdateDealerDocument[39m

d:\Work Desk\Tyresoles\front-end\[32msrc\routes\(user)\(admin)\dealers\[code]\dealers-detail.example.svelte[39m:35:3
[31mError[39m: '"$lib/services/graphql/generated/types"' has no exported member named 'UpdateDealerDocument'. Did you mean 'GetDealersDocument'? (ts)
[36m		GetDealerByCodeDocument,
		[35mUpdateDealerDocument[36m
	} from '$lib/services/graphql/generated/types';[39m

d:\Work Desk\Tyresoles\front-end\[32msrc\routes\(user)\(admin)\dealers\[code]\dealers-detail.example.svelte[39m:38:3
[31mError[39m: '"$lib/services/graphql/generated/types"' has no exported member named 'GetDealerByCodeQuery'. Did you mean 'GetDealersQuery'? (ts)
[36m	import type {
		[35mGetDealerByCodeQuery[36m,
		UpdateDealerInput[39m

d:\Work Desk\Tyresoles\front-end\[32msrc\routes\(user)\(admin)\dealers\[code]\dealers-detail.example.svelte[39m:39:3
[31mError[39m: Module '"$lib/services/graphql/generated/types"' has no exported member 'UpdateDealerInput'. (ts)
[36m		GetDealerByCodeQuery,
		[35mUpdateDealerInput[36m
	} from '$lib/services/graphql/generated/types';[39m

d:\Work Desk\Tyresoles\front-end\[32msrc\routes\(user)\(admin)\respCenters\[code]\+page.svelte[39m:10:3
[31mError[39m: Module '"$lib/services/graphql/generated/types"' has no exported member 'GetResponsibilityCenterByCodeDocument'. (ts)
[36m	import {
		[35mGetResponsibilityCenterByCodeDocument[36m
	} from '$lib/services/graphql/generated/types';[39m

d:\Work Desk\Tyresoles\front-end\[32msrc\routes\(user)\(admin)\respCenters\[code]\+page.svelte[39m:12:16
[31mError[39m: Module '"$lib/services/graphql/generated/types"' has no exported member 'GetResponsibilityCenterByCodeQuery'. (ts)
[36m	} from '$lib/services/graphql/generated/types';
	import type { [35mGetResponsibilityCenterByCodeQuery[36m } from '$lib/services/graphql/generated/types';[39m

d:\Work Desk\Tyresoles\front-end\[32msrc\routes\(user)\(admin)\users\+page.svelte[39m:24:12
[31mError[39m: '"$lib/services/graphql/generated/types"' has no exported member named 'GetUsersDocument'. Did you mean 'GetDealersDocument'? (ts)
[36m  // GraphQL & utils
  import { [35mGetUsersDocument[36m } from "$lib/services/graphql/generated/types";
  import type { GetUsersQuery } from "$lib/services/graphql/generated/types";[39m

d:\Work Desk\Tyresoles\front-end\[32msrc\routes\(user)\(admin)\users\+page.svelte[39m:25:17
[31mError[39m: Module '"$lib/services/graphql/generated/types"' has no exported member 'GetUsersQuery'. (ts)
[36m  import { GetUsersDocument } from "$lib/services/graphql/generated/types";
  import type { [35mGetUsersQuery[36m } from "$lib/services/graphql/generated/types";
  import { cn, getInitials } from "$lib/utils";[39m

d:\Work Desk\Tyresoles\front-end\[32msrc\routes\(user)\(admin)\users\[userId]\+page.svelte[39m:765:31
[33mWarn[39m: A form label must be associated with a control
https://svelte.dev/e/a11y_label_has_associated_control (svelte)
[36m                            >
                              [35m<label
                                class="block md:hidden text-xs font-medium text-muted-foreground"
                                >Responsibility Center</label
                              >[36m
                              <VenSelect[39m

d:\Work Desk\Tyresoles\front-end\[32msrc\routes\(user)\(admin)\users\[userId]\+page.svelte[39m:784:31
[33mWarn[39m: A form label must be associated with a control
https://svelte.dev/e/a11y_label_has_associated_control (svelte)
[36m                            >
                              [35m<label
                                class="block md:hidden text-xs font-medium text-muted-foreground"
                                >Employee Code</label
                              >[36m
                              <VenSelect[39m

d:\Work Desk\Tyresoles\front-end\[32msrc\routes\(user)\(admin)\users\[userId]\+page.svelte[39m:803:31
[33mWarn[39m: A form label must be associated with a control
https://svelte.dev/e/a11y_label_has_associated_control (svelte)
[36m                            >
                              [35m<label
                                class="block md:hidden text-xs font-medium text-muted-foreground"
                                >Type</label
                              >[36m
                              <VenSelect[39m

d:\Work Desk\Tyresoles\front-end\[32msrc\routes\(user)\(admin)\users\[userId]\+page.svelte[39m:934:31
[33mWarn[39m: A form label must be associated with a control
https://svelte.dev/e/a11y_label_has_associated_control (svelte)
[36m                            <div class="col-span-1 md:col-span-4 space-y-1.5 md:space-y-0">
                              [35m<label class="block md:hidden text-xs font-medium text-muted-foreground">Responsibility Center</label>[36m
                              <VenSelect[39m

d:\Work Desk\Tyresoles\front-end\[32msrc\routes\(user)\(admin)\users\[userId]\+page.svelte[39m:946:31
[33mWarn[39m: A form label must be associated with a control
https://svelte.dev/e/a11y_label_has_associated_control (svelte)
[36m                            <div class="col-span-1 md:col-span-6 space-y-1.5 md:space-y-0">
                              [35m<label class="block md:hidden text-xs font-medium text-muted-foreground">Posting Date Range</label>[36m
                              <DatePicker[39m

d:\Work Desk\Tyresoles\front-end\[32msrc\routes\(user)\(admin)\users\[userId]\+page.svelte[39m:1101:31
[33mWarn[39m: A form label must be associated with a control
https://svelte.dev/e/a11y_label_has_associated_control (svelte)
[36m                              {/if}
                              [35m<label
                                class="md:hidden text-xs font-medium text-muted-foreground block mb-2"
                                >Role</label
                              >[36m
                              <div class="flex items-center gap-3">[39m

d:\Work Desk\Tyresoles\front-end\[32msrc\routes\(user)\(admin)\users\[userId]\+page.svelte[39m:1152:33
[33mWarn[39m: A form label must be associated with a control
https://svelte.dev/e/a11y_label_has_associated_control (svelte)
[36m                              <div class="w-full space-y-1.5 md:space-y-0">
                                [35m<label
                                  class="md:hidden text-xs font-medium text-muted-foreground block"
                                  >Scope Values</label
                                >[36m
                                <div class="relative group/input">[39m

d:\Work Desk\Tyresoles\front-end\[32msrc\routes\(user)\(admin)\users\[userId]\+page.svelte[39m:28:3
[31mError[39m: Module '"$lib/services/graphql/generated/types"' has no exported member 'GetReportsQuery'. (ts)
[36m	import type { 
		[35mGetReportsQuery[36m,
		GetReportsQueryVariables[39m

d:\Work Desk\Tyresoles\front-end\[32msrc\routes\(user)\(admin)\users\[userId]\+page.svelte[39m:29:3
[31mError[39m: '"$lib/services/graphql/generated/types"' has no exported member named 'GetReportsQueryVariables'. Did you mean 'GetDealersQueryVariables'? (ts)
[36m		GetReportsQuery,
		[35mGetReportsQueryVariables[36m 
	} from '$lib/services/graphql/generated/types';[39m

d:\Work Desk\Tyresoles\front-end\[32msrc\routes\(user)\(admin)\users\[userId]\+page.svelte[39m:33:3
[31mError[39m: '"$lib/services/graphql/generated/types"' has no exported member named 'GetUserDetailsDocument'. Did you mean 'GetDealersDocument'? (ts)
[36m	import {
		[35mGetUserDetailsDocument[36m,
        type GetUserDetailsQuery,[39m

d:\Work Desk\Tyresoles\front-end\[32msrc\routes\(user)\(admin)\users\[userId]\+page.svelte[39m:34:14
[31mError[39m: Module '"$lib/services/graphql/generated/types"' has no exported member 'GetUserDetailsQuery'. (ts)
[36m		GetUserDetailsDocument,
        type [35mGetUserDetailsQuery[36m,
		GetResponsibilityCentersDocument,[39m

d:\Work Desk\Tyresoles\front-end\[32msrc\routes\(user)\(admin)\users\[userId]\+page.svelte[39m:35:3
[31mError[39m: Module '"$lib/services/graphql/generated/types"' has no exported member 'GetResponsibilityCentersDocument'. (ts)
[36m        type GetUserDetailsQuery,
		[35mGetResponsibilityCentersDocument[36m,
        type GetResponsibilityCentersQuery,[39m

d:\Work Desk\Tyresoles\front-end\[32msrc\routes\(user)\(admin)\users\[userId]\+page.svelte[39m:36:14
[31mError[39m: '"$lib/services/graphql/generated/types"' has no exported member named 'GetResponsibilityCentersQuery'. Did you mean 'ResponsibilityCenter'? (ts)
[36m		GetResponsibilityCentersDocument,
        type [35mGetResponsibilityCentersQuery[36m,
		GetEmployeesDocument,[39m

d:\Work Desk\Tyresoles\front-end\[32msrc\routes\(user)\(admin)\users\[userId]\+page.svelte[39m:37:3
[31mError[39m: '"$lib/services/graphql/generated/types"' has no exported member named 'GetEmployeesDocument'. Did you mean 'GetMyAreasDocument'? (ts)
[36m        type GetResponsibilityCentersQuery,
		[35mGetEmployeesDocument[36m,
        type GetEmployeesQuery,[39m

d:\Work Desk\Tyresoles\front-end\[32msrc\routes\(user)\(admin)\users\[userId]\+page.svelte[39m:38:14
[31mError[39m: Module '"$lib/services/graphql/generated/types"' has no exported member 'GetEmployeesQuery'. (ts)
[36m		GetEmployeesDocument,
        type [35mGetEmployeesQuery[36m,
		GetPermissionSetsDocument,[39m

d:\Work Desk\Tyresoles\front-end\[32msrc\routes\(user)\(admin)\users\[userId]\+page.svelte[39m:39:3
[31mError[39m: '"$lib/services/graphql/generated/types"' has no exported member named 'GetPermissionSetsDocument'. Did you mean 'GetSessionsDocument'? (ts)
[36m        type GetEmployeesQuery,
		[35mGetPermissionSetsDocument[36m,
        type GetPermissionSetsQuery,[39m

d:\Work Desk\Tyresoles\front-end\[32msrc\routes\(user)\(admin)\users\[userId]\+page.svelte[39m:40:14
[31mError[39m: '"$lib/services/graphql/generated/types"' has no exported member named 'GetPermissionSetsQuery'. Did you mean 'GetSessionsQuery'? (ts)
[36m		GetPermissionSetsDocument,
        type [35mGetPermissionSetsQuery[36m,
		UpdateUserPermissionsDocument,[39m

d:\Work Desk\Tyresoles\front-end\[32msrc\routes\(user)\(admin)\users\[userId]\+page.svelte[39m:41:3
[31mError[39m: Module '"$lib/services/graphql/generated/types"' has no exported member 'UpdateUserPermissionsDocument'. (ts)
[36m        type GetPermissionSetsQuery,
		[35mUpdateUserPermissionsDocument[36m,
        type UpdateUserPermissionsMutation,[39m

d:\Work Desk\Tyresoles\front-end\[32msrc\routes\(user)\(admin)\users\[userId]\+page.svelte[39m:42:14
[31mError[39m: Module '"$lib/services/graphql/generated/types"' has no exported member 'UpdateUserPermissionsMutation'. (ts)
[36m		UpdateUserPermissionsDocument,
        type [35mUpdateUserPermissionsMutation[36m,
		UpdateUserResponsibilityCentersDocument,[39m

d:\Work Desk\Tyresoles\front-end\[32msrc\routes\(user)\(admin)\users\[userId]\+page.svelte[39m:43:3
[31mError[39m: Module '"$lib/services/graphql/generated/types"' has no exported member 'UpdateUserResponsibilityCentersDocument'. (ts)
[36m        type UpdateUserPermissionsMutation,
		[35mUpdateUserResponsibilityCentersDocument[36m,
        type UpdateUserResponsibilityCentersMutation,[39m

d:\Work Desk\Tyresoles\front-end\[32msrc\routes\(user)\(admin)\users\[userId]\+page.svelte[39m:44:14
[31mError[39m: Module '"$lib/services/graphql/generated/types"' has no exported member 'UpdateUserResponsibilityCentersMutation'. (ts)
[36m		UpdateUserResponsibilityCentersDocument,
        type [35mUpdateUserResponsibilityCentersMutation[36m,
		UpdateUserPostingSetupDocument,[39m

d:\Work Desk\Tyresoles\front-end\[32msrc\routes\(user)\(admin)\users\[userId]\+page.svelte[39m:45:3
[31mError[39m: Module '"$lib/services/graphql/generated/types"' has no exported member 'UpdateUserPostingSetupDocument'. (ts)
[36m        type UpdateUserResponsibilityCentersMutation,
		[35mUpdateUserPostingSetupDocument[36m,
        type UpdateUserPostingSetupMutation,[39m

d:\Work Desk\Tyresoles\front-end\[32msrc\routes\(user)\(admin)\users\[userId]\+page.svelte[39m:46:14
[31mError[39m: Module '"$lib/services/graphql/generated/types"' has no exported member 'UpdateUserPostingSetupMutation'. (ts)
[36m		UpdateUserPostingSetupDocument,
        type [35mUpdateUserPostingSetupMutation[36m,
		UpdateUserDetailsDocument,[39m

d:\Work Desk\Tyresoles\front-end\[32msrc\routes\(user)\(admin)\users\[userId]\+page.svelte[39m:47:3
[31mError[39m: Module '"$lib/services/graphql/generated/types"' has no exported member 'UpdateUserDetailsDocument'. (ts)
[36m        type UpdateUserPostingSetupMutation,
		[35mUpdateUserDetailsDocument[36m,
        type UpdateUserDetailsMutation,[39m

d:\Work Desk\Tyresoles\front-end\[32msrc\routes\(user)\(admin)\users\[userId]\+page.svelte[39m:48:14
[31mError[39m: Module '"$lib/services/graphql/generated/types"' has no exported member 'UpdateUserDetailsMutation'. (ts)
[36m		UpdateUserDetailsDocument,
        type [35mUpdateUserDetailsMutation[36m,
		GetReportsDocument[39m

d:\Work Desk\Tyresoles\front-end\[32msrc\routes\(user)\(admin)\users\[userId]\+page.svelte[39m:49:3
[31mError[39m: Module '"$lib/services/graphql/generated/types"' has no exported member 'GetReportsDocument'. (ts)
[36m        type UpdateUserDetailsMutation,
		[35mGetReportsDocument[36m
	} from '$lib/services/graphql/generated/types';[39m

d:\Work Desk\Tyresoles\front-end\[32msrc\routes\(user)\(admin)\vendors-test\+page.svelte[39m:21:69
[31mError[39m: Type '{ __typename: "Vendor"; no: string | null; name: string | null; city: string | null; address: string | null; address2: string | null; postCode: string | null; stateCode: string | null; ... 16 more ...; email: string | null; }[] | null' has no matching index signature for type 'number'. (ts)
[36m
	type Vendor = NonNullable<GetMyVendorsQuery['myVendors']>['items'][[35mnumber[36m];
	type ViewMode = 'grid' | 'table';[39m

d:\Work Desk\Tyresoles\front-end\[32msrc\routes\(user)\customers\+page.svelte[39m:265:11
[33mWarn[39m: A form label must be associated with a control
https://svelte.dev/e/a11y_label_has_associated_control (svelte)
[36m        <div class="cust-filter-field">
          [35m<label class="cust-filter-label">Customer Name</label>[36m
          <div class="cust-input-wrap">[39m

d:\Work Desk\Tyresoles\front-end\[32msrc\routes\(user)\customers\+page.svelte[39m:272:11
[33mWarn[39m: A form label must be associated with a control
https://svelte.dev/e/a11y_label_has_associated_control (svelte)
[36m        <div class="cust-filter-field">
          [35m<label class="cust-filter-label">Customer ID</label>[36m
          <div class="cust-input-wrap">[39m

d:\Work Desk\Tyresoles\front-end\[32msrc\routes\(user)\customers\+page.svelte[39m:279:11
[33mWarn[39m: A form label must be associated with a control
https://svelte.dev/e/a11y_label_has_associated_control (svelte)
[36m        <div class="cust-filter-field">
          [35m<label class="cust-filter-label">City</label>[36m
          <div class="cust-input-wrap">[39m

d:\Work Desk\Tyresoles\front-end\[32msrc\routes\(user)\profile\+page.svelte[39m:53:32
[31mError[39m: Property 'profile' does not exist on type '{}'. (ts)
[36m		});
		if (res.success && res.data?.[35mprofile[36m) {
			const p = res.data.profile;[39m

d:\Work Desk\Tyresoles\front-end\[32msrc\routes\(user)\profile\+page.svelte[39m:54:23
[31mError[39m: Property 'profile' does not exist on type '{}'. (ts)
[36m		if (res.success && res.data?.profile) {
			const p = res.data.[35mprofile[36m;
			profile = p;[39m

d:\Work Desk\Tyresoles\front-end\[32msrc\routes\(user)\profile\+page.svelte[39m:87:32
[31mError[39m: Property 'setProfile' does not exist on type '{}'. (ts)
[36m
		if (res.success && res.data?.[35msetProfile[36m?.success) {
			editingPin = false;[39m

d:\Work Desk\Tyresoles\front-end\[32msrc\routes\(user)\profile\+page.svelte[39m:89:27
[31mError[39m: Property 'setProfile' does not exist on type '{}'. (ts)
[36m			editingPin = false;
			toast.success(res.data.[35msetProfile[36m.message || 'Profile updated successfully');[39m

d:\Work Desk\Tyresoles\front-end\[32msrc\routes\(user)\profile\+page.svelte[39m:106:26
[31mError[39m: Property 'setProfile' does not exist on type '{}'. (ts)
[36m		} else {
			toast.error(res.data?.[35msetProfile[36m?.message || res.error || 'Failed to update profile');
		}[39m

d:\Work Desk\Tyresoles\front-end\[32msrc\routes\(user)\profile\+page.svelte[39m:150:71
[31mError[39m: Object literal may only specify known properties, and '"class"' does not exist in type 'Props'. (ts)
[36m						{:else}
							<AvatarSelector bind:selectedIndex={avatarIndex} maxImages={8} [35mclass[36m="animate-in fade-in zoom-in duration-300" />
						{/if}[39m

d:\Work Desk\Tyresoles\front-end\[32msrc\routes\(user)\reportsale\+page.svelte[39m:330:8
[31mError[39m: Property 'options' does not exist on type 'VenForm<ReportSaleForm>'. (ts)
[36m		
		form.[35moptions[36m.schema = z.object(zodShape);
	});[39m

d:\Work Desk\Tyresoles\front-end\[32msrc\routes\(user)\salesdocs\+page.svelte[39m:461:13
[33mWarn[39m: Visible, non-interactive elements with a click event must be accompanied by a keyboard event handler. Consider whether an interactive element such as `<button type="button">` or `<a>` might be more appropriate
https://svelte.dev/e/a11y_click_events_have_key_events (svelte)
[36m            </div>
            [35m<div onclick={() => handleSort('no')} class="cell-head cell-head-doc sortable">
              Document No
              {#if sortField === 'no'}
                <Icon name={sortOrder === 'ASC' ? 'arrow-up' : 'arrow-down'} class="size-3 text-primary" />
              {/if}
            </div>[36m
            <div onclick={() => handleSort('date')} class="cell-head cell-head-date sortable">[39m

d:\Work Desk\Tyresoles\front-end\[32msrc\routes\(user)\salesdocs\+page.svelte[39m:461:13
[33mWarn[39m: `<div>` with a click handler must have an ARIA role
https://svelte.dev/e/a11y_no_static_element_interactions (svelte)
[36m            </div>
            [35m<div onclick={() => handleSort('no')} class="cell-head cell-head-doc sortable">
              Document No
              {#if sortField === 'no'}
                <Icon name={sortOrder === 'ASC' ? 'arrow-up' : 'arrow-down'} class="size-3 text-primary" />
              {/if}
            </div>[36m
            <div onclick={() => handleSort('date')} class="cell-head cell-head-date sortable">[39m

d:\Work Desk\Tyresoles\front-end\[32msrc\routes\(user)\salesdocs\+page.svelte[39m:467:13
[33mWarn[39m: Visible, non-interactive elements with a click event must be accompanied by a keyboard event handler. Consider whether an interactive element such as `<button type="button">` or `<a>` might be more appropriate
https://svelte.dev/e/a11y_click_events_have_key_events (svelte)
[36m            </div>
            [35m<div onclick={() => handleSort('date')} class="cell-head cell-head-date sortable">
              Date
              {#if sortField === 'date'}
                <Icon name={sortOrder === 'ASC' ? 'arrow-up' : 'arrow-down'} class="size-3 text-primary" />
              {/if}
            </div>[36m
            <div class="cell-head cell-head-cust">Customer</div>[39m

d:\Work Desk\Tyresoles\front-end\[32msrc\routes\(user)\salesdocs\+page.svelte[39m:467:13
[33mWarn[39m: `<div>` with a click handler must have an ARIA role
https://svelte.dev/e/a11y_no_static_element_interactions (svelte)
[36m            </div>
            [35m<div onclick={() => handleSort('date')} class="cell-head cell-head-date sortable">
              Date
              {#if sortField === 'date'}
                <Icon name={sortOrder === 'ASC' ? 'arrow-up' : 'arrow-down'} class="size-3 text-primary" />
              {/if}
            </div>[36m
            <div class="cell-head cell-head-cust">Customer</div>[39m

d:\Work Desk\Tyresoles\front-end\[32msrc\routes\(user)\salesdocs\+page.svelte[39m:476:15
[33mWarn[39m: Visible, non-interactive elements with a click event must be accompanied by a keyboard event handler. Consider whether an interactive element such as `<button type="button">` or `<a>` might be more appropriate
https://svelte.dev/e/a11y_click_events_have_key_events (svelte)
[36m            {#if view !== 'Claim'}
              [35m<div onclick={() => handleSort('amount')} class="cell-head cell-head-amount sortable">
                Amount
                {#if sortField === 'amount'}
                  <Icon name={sortOrder === 'ASC' ? 'arrow-up' : 'arrow-down'} class="size-3 text-primary" />
                {/if}
              </div>[36m
            {/if}[39m

d:\Work Desk\Tyresoles\front-end\[32msrc\routes\(user)\salesdocs\+page.svelte[39m:476:15
[33mWarn[39m: `<div>` with a click handler must have an ARIA role
https://svelte.dev/e/a11y_no_static_element_interactions (svelte)
[36m            {#if view !== 'Claim'}
              [35m<div onclick={() => handleSort('amount')} class="cell-head cell-head-amount sortable">
                Amount
                {#if sortField === 'amount'}
                  <Icon name={sortOrder === 'ASC' ? 'arrow-up' : 'arrow-down'} class="size-3 text-primary" />
                {/if}
              </div>[36m
            {/if}[39m

d:\Work Desk\Tyresoles\front-end\[32msrc\routes\(user)\salesdocs\+page.svelte[39m:488:15
[33mWarn[39m: Visible, non-interactive elements with a click event must be accompanied by a keyboard event handler. Consider whether an interactive element such as `<button type="button">` or `<a>` might be more appropriate
https://svelte.dev/e/a11y_click_events_have_key_events (svelte)
[36m            {#each sortedDocs() as doc}
              [35m<div 
                class="doc-row" 
                class:selected={selectedNos.has(doc.no)} 
                onclick={() => toggleSelect(doc.no)}
              >
                <!-- Selection Column -->
                <div class="cell-selection">
                  <Checkbox 
                    checked={selectedNos.has(doc.no)} 
                    onCheckedChange={() => toggleSelect(doc.no)}
                    onclick={(e) => e.stopPropagation()}
                  />
                </div>

                <!-- Mobile: Stacked Info | Desktop: Columns -->
                <div class="doc-info">
                  <div class="doc-main">
                    <span class="doc-id font-mono font-medium text-primary">{doc.no}</span>
                    <!-- Date, customer no, and name under doc no: only on mobile; hidden from md (768px) so Document No column shows only the number on big screens -->
                    <span class="doc-meta text-muted-foreground max-md:block md:hidden">{fmtDate(doc.date)} ┬╖ {doc.customerNo}</span>
                    <span class="doc-name-stacked max-md:block md:hidden truncate-text" title={doc.name}>{doc.name}</span>
                  </div>
                  
                  <!-- Desktop Only Columns -->
                  <div class="doc-date hidden md:block text-muted-foreground">
                    {fmtDate(doc.date)}
                  </div>
                  <div class="doc-cust hidden md:block">
                    <span class="cust-code">{doc.customerNo}</span>
                  </div>
                  <div class="doc-name hidden md:block">
                    <span class="truncate-text" title={doc.name}>{doc.name}</span>
                  </div>
                </div>

                <!-- Amount Column -->
                {#if view !== 'Claim'}
                  <div class="cell-amount">
                    {fmtAmt(doc.amount)}
                  </div>
                {/if}
              </div>[36m
            {/each}[39m

d:\Work Desk\Tyresoles\front-end\[32msrc\routes\(user)\salesdocs\+page.svelte[39m:488:15
[33mWarn[39m: `<div>` with a click handler must have an ARIA role
https://svelte.dev/e/a11y_no_static_element_interactions (svelte)
[36m            {#each sortedDocs() as doc}
              [35m<div 
                class="doc-row" 
                class:selected={selectedNos.has(doc.no)} 
                onclick={() => toggleSelect(doc.no)}
              >
                <!-- Selection Column -->
                <div class="cell-selection">
                  <Checkbox 
                    checked={selectedNos.has(doc.no)} 
                    onCheckedChange={() => toggleSelect(doc.no)}
                    onclick={(e) => e.stopPropagation()}
                  />
                </div>

                <!-- Mobile: Stacked Info | Desktop: Columns -->
                <div class="doc-info">
                  <div class="doc-main">
                    <span class="doc-id font-mono font-medium text-primary">{doc.no}</span>
                    <!-- Date, customer no, and name under doc no: only on mobile; hidden from md (768px) so Document No column shows only the number on big screens -->
                    <span class="doc-meta text-muted-foreground max-md:block md:hidden">{fmtDate(doc.date)} ┬╖ {doc.customerNo}</span>
                    <span class="doc-name-stacked max-md:block md:hidden truncate-text" title={doc.name}>{doc.name}</span>
                  </div>
                  
                  <!-- Desktop Only Columns -->
                  <div class="doc-date hidden md:block text-muted-foreground">
                    {fmtDate(doc.date)}
                  </div>
                  <div class="doc-cust hidden md:block">
                    <span class="cust-code">{doc.customerNo}</span>
                  </div>
                  <div class="doc-name hidden md:block">
                    <span class="truncate-text" title={doc.name}>{doc.name}</span>
                  </div>
                </div>

                <!-- Amount Column -->
                {#if view !== 'Claim'}
                  <div class="cell-amount">
                    {fmtAmt(doc.amount)}
                  </div>
                {/if}
              </div>[36m
            {/each}[39m

d:\Work Desk\Tyresoles\front-end\[32msrc\routes\ven-ui-dev\pdf-viewer\+page.svelte[39m:11:24
[33mWarn[39m: This reference only captures the initial value of `pdfUrl`. Did you mean to reference it inside a closure instead?
https://svelte.dev/e/state_referenced_locally (svelte)
[36m    
	let inputUrl = $state([35mpdfUrl[36m);
    let isLoadingData = $state(false);[39m

====================================
[31msvelte-check found 46 errors and 34 warnings in 26 files
[39m
