  Determining projects to restore...
  All projects are up-to-date for restore.
  Tyresoles.Sql.Generators -> D:\Work Desk\Tyresoles\back-end\Tyresoles.Sql.Generators\bin\Debug\netstandard2.0\Tyresoles.Sql.Generators.dll
  Tyresoles.Logger -> D:\Work Desk\Tyresoles\back-end\Tyresoles.Logger\bin\Debug\net10.0\Tyresoles.Logger.dll
D:\Work Desk\Tyresoles\back-end\Tyresoles.Sql\Dialects\NavDialect\NavFilterParserExtensions.cs(11,84): warning CS1570: XML comment has badly formed XML -- 'An identifier was expected.' [D:\Work Desk\Tyresoles\back-end\Tyresoles.Sql\Tyresoles.Sql.csproj]
D:\Work Desk\Tyresoles\back-end\Tyresoles.Sql\Dialects\NavDialect\NavFilterParserExtensions.cs(12,11): warning CS1570: XML comment has badly formed XML -- 'End tag 'summary' does not match the start tag ''.' [D:\Work Desk\Tyresoles\back-end\Tyresoles.Sql\Tyresoles.Sql.csproj]
D:\Work Desk\Tyresoles\back-end\Tyresoles.Sql\Dialects\NavDialect\NavFilterParserExtensions.cs(13,1): warning CS1570: XML comment has badly formed XML -- 'Expected an end tag for element 'summary'.' [D:\Work Desk\Tyresoles\back-end\Tyresoles.Sql\Tyresoles.Sql.csproj]
D:\Work Desk\Tyresoles\back-end\Tyresoles.Sql\Core\MultipleQuery.cs(41,28): error CS1579: foreach statement cannot operate on variables of type 'DynamicParameters' because 'DynamicParameters' does not contain a public instance or extension definition for 'GetEnumerator' [D:\Work Desk\Tyresoles\back-end\Tyresoles.Sql\Tyresoles.Sql.csproj]
D:\Work Desk\Tyresoles\back-end\Tyresoles.Sql\Core\TenantScope.cs(132,43): error CS1503: Argument 3: cannot convert from 'Dapper.DynamicParameters' to 'System.Collections.Generic.IReadOnlyDictionary<string, object>?' [D:\Work Desk\Tyresoles\back-end\Tyresoles.Sql\Tyresoles.Sql.csproj]
D:\Work Desk\Tyresoles\back-end\Tyresoles.Sql\Core\TenantScope.cs(147,28): error CS1579: foreach statement cannot operate on variables of type 'DynamicParameters' because 'DynamicParameters' does not contain a public instance or extension definition for 'GetEnumerator' [D:\Work Desk\Tyresoles\back-end\Tyresoles.Sql\Tyresoles.Sql.csproj]
D:\Work Desk\Tyresoles\back-end\Tyresoles.Sql\Core\TenantScope.cs(206,38): error CS1503: Argument 3: cannot convert from 'Dapper.DynamicParameters' to 'System.Collections.Generic.IReadOnlyDictionary<string, object>?' [D:\Work Desk\Tyresoles\back-end\Tyresoles.Sql\Tyresoles.Sql.csproj]
D:\Work Desk\Tyresoles\back-end\Tyresoles.Sql\Core\TenantScope.cs(207,96): error CS1503: Argument 2: cannot convert from 'Dapper.DynamicParameters' to 'System.Collections.Generic.IReadOnlyDictionary<string, object>?' [D:\Work Desk\Tyresoles\back-end\Tyresoles.Sql\Tyresoles.Sql.csproj]
D:\Work Desk\Tyresoles\back-end\Tyresoles.Sql\Core\MultipleQuery.cs(63,28): error CS1579: foreach statement cannot operate on variables of type 'DynamicParameters' because 'DynamicParameters' does not contain a public instance or extension definition for 'GetEnumerator' [D:\Work Desk\Tyresoles\back-end\Tyresoles.Sql\Tyresoles.Sql.csproj]
D:\Work Desk\Tyresoles\back-end\Tyresoles.Sql\Core\TenantScope.cs(270,38): error CS1503: Argument 3: cannot convert from 'Dapper.DynamicParameters' to 'System.Collections.Generic.IReadOnlyDictionary<string, object>?' [D:\Work Desk\Tyresoles\back-end\Tyresoles.Sql\Tyresoles.Sql.csproj]
D:\Work Desk\Tyresoles\back-end\Tyresoles.Sql\Core\TenantScope.cs(271,96): error CS1503: Argument 2: cannot convert from 'Dapper.DynamicParameters' to 'System.Collections.Generic.IReadOnlyDictionary<string, object>?' [D:\Work Desk\Tyresoles\back-end\Tyresoles.Sql\Tyresoles.Sql.csproj]
D:\Work Desk\Tyresoles\back-end\Tyresoles.Sql\Core\TenantScope.cs(278,38): error CS1503: Argument 3: cannot convert from 'Dapper.DynamicParameters' to 'System.Collections.Generic.IReadOnlyDictionary<string, object>?' [D:\Work Desk\Tyresoles\back-end\Tyresoles.Sql\Tyresoles.Sql.csproj]
D:\Work Desk\Tyresoles\back-end\Tyresoles.Sql\Core\TenantScope.cs(279,96): error CS1503: Argument 2: cannot convert from 'Dapper.DynamicParameters' to 'System.Collections.Generic.IReadOnlyDictionary<string, object>?' [D:\Work Desk\Tyresoles\back-end\Tyresoles.Sql\Tyresoles.Sql.csproj]
D:\Work Desk\Tyresoles\back-end\Tyresoles.Sql\Core\TenantScope.cs(286,38): error CS1503: Argument 3: cannot convert from 'Dapper.DynamicParameters' to 'System.Collections.Generic.IReadOnlyDictionary<string, object>?' [D:\Work Desk\Tyresoles\back-end\Tyresoles.Sql\Tyresoles.Sql.csproj]
D:\Work Desk\Tyresoles\back-end\Tyresoles.Sql\Core\TenantScope.cs(287,96): error CS1503: Argument 2: cannot convert from 'Dapper.DynamicParameters' to 'System.Collections.Generic.IReadOnlyDictionary<string, object>?' [D:\Work Desk\Tyresoles\back-end\Tyresoles.Sql\Tyresoles.Sql.csproj]
D:\Work Desk\Tyresoles\back-end\Tyresoles.Sql\Core\TenantScope.cs(299,38): error CS1503: Argument 3: cannot convert from 'Dapper.DynamicParameters' to 'System.Collections.Generic.IReadOnlyDictionary<string, object>?' [D:\Work Desk\Tyresoles\back-end\Tyresoles.Sql\Tyresoles.Sql.csproj]
D:\Work Desk\Tyresoles\back-end\Tyresoles.Sql\Core\TenantScope.cs(300,91): error CS1503: Argument 2: cannot convert from 'Dapper.DynamicParameters' to 'System.Collections.Generic.IReadOnlyDictionary<string, object>?' [D:\Work Desk\Tyresoles\back-end\Tyresoles.Sql\Tyresoles.Sql.csproj]

Build FAILED.

D:\Work Desk\Tyresoles\back-end\Tyresoles.Sql\Dialects\NavDialect\NavFilterParserExtensions.cs(11,84): warning CS1570: XML comment has badly formed XML -- 'An identifier was expected.' [D:\Work Desk\Tyresoles\back-end\Tyresoles.Sql\Tyresoles.Sql.csproj]
D:\Work Desk\Tyresoles\back-end\Tyresoles.Sql\Dialects\NavDialect\NavFilterParserExtensions.cs(12,11): warning CS1570: XML comment has badly formed XML -- 'End tag 'summary' does not match the start tag ''.' [D:\Work Desk\Tyresoles\back-end\Tyresoles.Sql\Tyresoles.Sql.csproj]
D:\Work Desk\Tyresoles\back-end\Tyresoles.Sql\Dialects\NavDialect\NavFilterParserExtensions.cs(13,1): warning CS1570: XML comment has badly formed XML -- 'Expected an end tag for element 'summary'.' [D:\Work Desk\Tyresoles\back-end\Tyresoles.Sql\Tyresoles.Sql.csproj]
D:\Work Desk\Tyresoles\back-end\Tyresoles.Sql\Core\MultipleQuery.cs(41,28): error CS1579: foreach statement cannot operate on variables of type 'DynamicParameters' because 'DynamicParameters' does not contain a public instance or extension definition for 'GetEnumerator' [D:\Work Desk\Tyresoles\back-end\Tyresoles.Sql\Tyresoles.Sql.csproj]
D:\Work Desk\Tyresoles\back-end\Tyresoles.Sql\Core\TenantScope.cs(132,43): error CS1503: Argument 3: cannot convert from 'Dapper.DynamicParameters' to 'System.Collections.Generic.IReadOnlyDictionary<string, object>?' [D:\Work Desk\Tyresoles\back-end\Tyresoles.Sql\Tyresoles.Sql.csproj]
D:\Work Desk\Tyresoles\back-end\Tyresoles.Sql\Core\TenantScope.cs(147,28): error CS1579: foreach statement cannot operate on variables of type 'DynamicParameters' because 'DynamicParameters' does not contain a public instance or extension definition for 'GetEnumerator' [D:\Work Desk\Tyresoles\back-end\Tyresoles.Sql\Tyresoles.Sql.csproj]
D:\Work Desk\Tyresoles\back-end\Tyresoles.Sql\Core\TenantScope.cs(206,38): error CS1503: Argument 3: cannot convert from 'Dapper.DynamicParameters' to 'System.Collections.Generic.IReadOnlyDictionary<string, object>?' [D:\Work Desk\Tyresoles\back-end\Tyresoles.Sql\Tyresoles.Sql.csproj]
D:\Work Desk\Tyresoles\back-end\Tyresoles.Sql\Core\TenantScope.cs(207,96): error CS1503: Argument 2: cannot convert from 'Dapper.DynamicParameters' to 'System.Collections.Generic.IReadOnlyDictionary<string, object>?' [D:\Work Desk\Tyresoles\back-end\Tyresoles.Sql\Tyresoles.Sql.csproj]
D:\Work Desk\Tyresoles\back-end\Tyresoles.Sql\Core\MultipleQuery.cs(63,28): error CS1579: foreach statement cannot operate on variables of type 'DynamicParameters' because 'DynamicParameters' does not contain a public instance or extension definition for 'GetEnumerator' [D:\Work Desk\Tyresoles\back-end\Tyresoles.Sql\Tyresoles.Sql.csproj]
D:\Work Desk\Tyresoles\back-end\Tyresoles.Sql\Core\TenantScope.cs(270,38): error CS1503: Argument 3: cannot convert from 'Dapper.DynamicParameters' to 'System.Collections.Generic.IReadOnlyDictionary<string, object>?' [D:\Work Desk\Tyresoles\back-end\Tyresoles.Sql\Tyresoles.Sql.csproj]
D:\Work Desk\Tyresoles\back-end\Tyresoles.Sql\Core\TenantScope.cs(271,96): error CS1503: Argument 2: cannot convert from 'Dapper.DynamicParameters' to 'System.Collections.Generic.IReadOnlyDictionary<string, object>?' [D:\Work Desk\Tyresoles\back-end\Tyresoles.Sql\Tyresoles.Sql.csproj]
D:\Work Desk\Tyresoles\back-end\Tyresoles.Sql\Core\TenantScope.cs(278,38): error CS1503: Argument 3: cannot convert from 'Dapper.DynamicParameters' to 'System.Collections.Generic.IReadOnlyDictionary<string, object>?' [D:\Work Desk\Tyresoles\back-end\Tyresoles.Sql\Tyresoles.Sql.csproj]
D:\Work Desk\Tyresoles\back-end\Tyresoles.Sql\Core\TenantScope.cs(279,96): error CS1503: Argument 2: cannot convert from 'Dapper.DynamicParameters' to 'System.Collections.Generic.IReadOnlyDictionary<string, object>?' [D:\Work Desk\Tyresoles\back-end\Tyresoles.Sql\Tyresoles.Sql.csproj]
D:\Work Desk\Tyresoles\back-end\Tyresoles.Sql\Core\TenantScope.cs(286,38): error CS1503: Argument 3: cannot convert from 'Dapper.DynamicParameters' to 'System.Collections.Generic.IReadOnlyDictionary<string, object>?' [D:\Work Desk\Tyresoles\back-end\Tyresoles.Sql\Tyresoles.Sql.csproj]
D:\Work Desk\Tyresoles\back-end\Tyresoles.Sql\Core\TenantScope.cs(287,96): error CS1503: Argument 2: cannot convert from 'Dapper.DynamicParameters' to 'System.Collections.Generic.IReadOnlyDictionary<string, object>?' [D:\Work Desk\Tyresoles\back-end\Tyresoles.Sql\Tyresoles.Sql.csproj]
D:\Work Desk\Tyresoles\back-end\Tyresoles.Sql\Core\TenantScope.cs(299,38): error CS1503: Argument 3: cannot convert from 'Dapper.DynamicParameters' to 'System.Collections.Generic.IReadOnlyDictionary<string, object>?' [D:\Work Desk\Tyresoles\back-end\Tyresoles.Sql\Tyresoles.Sql.csproj]
D:\Work Desk\Tyresoles\back-end\Tyresoles.Sql\Core\TenantScope.cs(300,91): error CS1503: Argument 2: cannot convert from 'Dapper.DynamicParameters' to 'System.Collections.Generic.IReadOnlyDictionary<string, object>?' [D:\Work Desk\Tyresoles\back-end\Tyresoles.Sql\Tyresoles.Sql.csproj]
    3 Warning(s)
    14 Error(s)

Time Elapsed 00:00:01.36
