INF [EventDefinition`6.Log] Executed DbCommand (254ms) [Parameters=[], CommandType='Text', CommandTimeout='300']
SELECT 1
INF [EventDefinition`6.Log] Executed DbCommand (207ms) [Parameters=[], CommandType='Text', CommandTimeout='300']

IF EXISTS
    (SELECT *
     FROM [sys].[objects] o
     WHERE [o].[type] = 'U'
     AND [o].[is_ms_shipped] = 0
     AND [o].[object_id] NOT IN (SELECT [ep].[major_id]
        FROM [sys].[extended_properties] AS [ep]
        WHERE [ep].[minor_id] = 0
            AND [ep].[class] = 1
            AND [ep].[name] = N'microsoft_database_tools_support'
    )
)
SELECT 1 ELSE SELECT 0
INF [EventDefinition`6.Log] Executed DbCommand (98ms) [Parameters=[], CommandType='Text', CommandTimeout='300']

            IF OBJECT_ID('dbo.Notifications', 'U') IS NULL
            BEGIN
                CREATE TABLE dbo.[Notifications] (
                    [Id] uniqueidentifier NOT NULL,
                    [UserId] nvarchar(128) NOT NULL,
                    [Title] nvarchar(500) NOT NULL,
                    [Message] nvarchar(4000) NOT NULL,
                    [Type] int NOT NULL,
                    [Link] nvarchar(1000) NULL,
                    [IsRead] bit NOT NULL,
                    [CreatedAt] datetime2 NOT NULL,
                    CONSTRAINT [PK_Notifications] PRIMARY KEY ([Id])
                );
                CREATE INDEX [IX_Notifications_IsRead] ON dbo.[Notifications] ([IsRead]);
                CREATE INDEX [IX_Notifications_UserId_CreatedAt] ON dbo.[Notifications] ([UserId], [CreatedAt]);
            END

            IF OBJECT_ID('dbo.NotificationPreferences', 'U') IS NULL
            BEGIN
                CREATE TABLE dbo.[NotificationPreferences] (
                    [UserId] nvarchar(128) NOT NULL,
                    [Channel] int NOT NULL,
                    [DefaultMinutesBefore] int NOT NULL,
                    [EmailEnabled] bit NOT NULL,
                    [PushEnabled] bit NOT NULL,
                    [UpdatedAt] datetime2 NOT NULL,
                    CONSTRAINT [PK_NotificationPreferences] PRIMARY KEY ([UserId], [Channel])
                );
            END

            IF OBJECT_ID('dbo.CalendarAuditLogs', 'U') IS NULL
            BEGIN
                CREATE TABLE dbo.[CalendarAuditLogs] (
                    [Id] bigint NOT NULL IDENTITY,
                    [EventId] uniqueidentifier NOT NULL,
                    [Action] int NOT NULL,
                    [UserId] nvarchar(128) NOT NULL,
                    [Payload] nvarchar(4000) NULL,
                    [CreatedAtUtc] datetime2 NOT NULL,
                    CONSTRAINT [PK_CalendarAuditLogs] PRIMARY KEY ([Id])
                );
            END

            IF OBJECT_ID('dbo.CalendarTasks', 'U') IS NULL
            BEGIN
                CREATE TABLE dbo.[CalendarTasks] (
                    [Id] uniqueidentifier NOT NULL,
                    [EventId] uniqueidentifier NOT NULL,
                    [ParentTaskId] uniqueidentifier NULL,
                    [Title] nvarchar(500) NOT NULL,
                    [IsCompleted] bit NOT NULL,
                    [SortOrder] int NOT NULL,
                    [CreatedAt] datetime2 NOT NULL,
                    [UpdatedAt] datetime2 NOT NULL,
                    CONSTRAINT [PK_CalendarTasks] PRIMARY KEY ([Id]),
                    CONSTRAINT [FK_CalendarTasks_CalendarEvents_EventId] FOREIGN KEY ([EventId]) REFERENCES dbo.[CalendarEvents] ([Id]) ON DELETE CASCADE,
                    CONSTRAINT [FK_CalendarTasks_CalendarTasks_ParentTaskId] FOREIGN KEY ([ParentTaskId]) REFERENCES dbo.[CalendarTasks] ([Id]) ON DELETE NO ACTION
                );
                CREATE INDEX [IX_CalendarTasks_EventId] ON dbo.[CalendarTasks] ([EventId]);
                CREATE INDEX [IX_CalendarTasks_ParentTaskId] ON dbo.[CalendarTasks] ([ParentTaskId]);
            END
INF [EventDefinition`6.Log] Executed DbCommand (149ms) [Parameters=[], CommandType='Text', CommandTimeout='300']
SELECT CASE
    WHEN EXISTS (
        SELECT 1
        FROM [dbo].[EventTypes] AS [e]) THEN CAST(1 AS bit)
    ELSE CAST(0 AS bit)
END
INF [ReminderBackgroundService.ExecuteAsync] Reminder Background Service is starting.
INF [GenericWebHostService.StartAsync] Now listening on: https://localhost:5002
INF [GenericWebHostService.StartAsync] Now listening on: http://localhost:5001
INF [EventDefinition`6.Log] Executed DbCommand (115ms) [Parameters=[@now='?' (DbType = DateTime2), @now1='?' (DbType = DateTime2)], CommandType='Text', CommandTimeout='300']
SELECT [r].[Id], [r].[Channel], [r].[EventId], [r].[IsSent], [r].[RemindAtUtc], [r].[SentAt], [r].[SnoozeUntilUtc], [c].[Id], [c].[CalendarId], [c].[CreatedAt], [c].[CreatedByUserId], [c].[Description], [c].[EndUtc], [c].[EventTypeId], [c].[ExceptionOccurrenceStartUtc], [c].[IsAllDay], [c].[IsDeleted], [c].[Location], [c].[MeetingLink], [c].[OwnerUserId], [c].[ParentEventId], [c].[RecurrenceRuleId], [c].[ShowAs], [c].[StartUtc], [c].[Status], [c].[TimeZoneId], [c].[Title], [c].[UpdatedAt], [c].[UpdatedByUserId], [c].[Visibility]
FROM [dbo].[Reminders] AS [r]
INNER JOIN [dbo].[CalendarEvents] AS [c] ON [r].[EventId] = [c].[Id]
WHERE [r].[IsSent] = CAST(0 AS bit) AND [r].[RemindAtUtc] <= @now AND ([r].[SnoozeUntilUtc] IS NULL OR [r].[SnoozeUntilUtc] <= @now1)
INF [ConsoleLifetime.OnApplicationStarted] Application started. Press Ctrl+C to shut down.
INF [ConsoleLifetime.OnApplicationStarted] Hosting environment: Production
INF [ExecutionContext.RunInternal] Content root path: D:\Work Desk\Tyresoles\back-end\Tyresoles.Web
SQL INF [<>c__DisplayClass0_0.<<Main>$>b__8] Query logging active. Run a GraphQL mutation (e.g. login) to see SQL entries.
SQL INF [SalesDashboardService.GetSalesChartDataAsync] [QueryAsync] Tenant=NavLive Executable Query:

                SELECT 
                    FORMAT(GLEntry.[Posting Date], 'MMM-yy') as Month,
                    ISNULL(-SUM(GLEntry.[Amount]) / 100000.0, 0) as Sale
                FROM [dbo].[Tyresoles (India) Pvt_ Ltd_$G_L Entry] GLEntry WITH (NOLOCK)
                
                WHERE GLEntry.[Posting Date] BETWEEN '2025-09-01 00:00:00.000' AND '2026-03-31 00:00:00.000' AND GLEntry.[G_L Account No_] IN ('3110', '7572', '3126', '7573', '3112', '3113', '3115', '3117', '3118', '3304', '3317', '3625', '3127', '3612', '3615', '3624', '1515', '3130', '3129') AND GLEntry.[Responsibility Center] IN ('AHM', 'BEL', 'DEL', 'ECO-B', 'ECO-M', 'JBP', 'MAN')
                GROUP BY FORMAT(GLEntry.[Posting Date], 'MMM-yy'), YEAR(GLEntry.[Posting Date]), MONTH(GLEntry.[Posting Date])
                ORDER BY YEAR(GLEntry.[Posting Date]), MONTH(GLEntry.[Posting Date])
SQL INF [SalesDashboardService.GetAggSumAsync] [ExecuteScalar] Tenant=NavLive Executable Query:
SELECT ISNULL(-SUM(GLEntry.[Amount]), 0) FROM [dbo].[Tyresoles (India) Pvt_ Ltd_$G_L Entry] GLEntry WITH (NOLOCK)  LEFT JOIN [dbo].[Tyresoles (India) Pvt_ Ltd_$Customer] Cust WITH (NOLOCK) ON Cust.[No_] = GLEntry.[Source No_] WHERE GLEntry.[Posting Date] BETWEEN '2026-03-01 00:00:00.000' AND '2026-03-31 00:00:00.000' AND GLEntry.[G_L Account No_] IN ('3110', '7572', '3126', '7573', '3112', '3113', '3115', '3117', '3118', '3304', '3317', '3625', '3127', '3612', '3615', '3624', '1515', '3130', '3129') AND GLEntry.[Source No_] <> '' AND GLEntry.[Responsibility Center] IN ('AHM', 'BEL', 'DEL', 'ECO-B', 'ECO-M', 'JBP', 'MAN')
INF [EventDefinition`6.Log] Executed DbCommand (86ms) [Parameters=[@ownerUserId='?' (Size = 128)], CommandType='Text', CommandTimeout='300']
SELECT DISTINCT [c].[OwnerUserId]
FROM [dbo].[CalendarShares] AS [c]
WHERE [c].[SharedWithUserId] = @ownerUserId
WRN [EventDefinition.Log] Compiling a query which loads related collections for more than one collection navigation, either via 'Include' or through projection, but no 'QuerySplittingBehavior' has been configured. By default, Entity Framework will use 'QuerySplittingBehavior.SingleQuery', which can potentially result in slow query performance. See https://go.microsoft.com/fwlink/?linkid=2134277 for more information. To identify the query that's triggering this warning call 'ConfigureWarnings(w => w.Throw(RelationalEventId.MultipleCollectionIncludeWarning))'.
INF [EventDefinition`6.Log] Executed DbCommand (175ms) [Parameters=[@ownerUserId='?' (Size = 128), @fromUtc='?' (DbType = DateTime2), @toUtc='?' (DbType = DateTime2)], CommandType='Text', CommandTimeout='300']
SELECT [c].[Id], [c].[CalendarId], [c].[CreatedAt], [c].[CreatedByUserId], [c].[Description], [c].[EndUtc], [c].[EventTypeId], [c].[ExceptionOccurrenceStartUtc], [c].[IsAllDay], [c].[IsDeleted], [c].[Location], [c].[MeetingLink], [c].[OwnerUserId], [c].[ParentEventId], [c].[RecurrenceRuleId], [c].[ShowAs], [c].[StartUtc], [c].[Status], [c].[TimeZoneId], [c].[Title], [c].[UpdatedAt], [c].[UpdatedByUserId], [c].[Visibility], [e].[Id], [r].[Id], [e0].[EventId], [e0].[TagType], [e0].[TagKey], [r0].[Id], [r0].[Channel], [r0].[EventId], [r0].[IsSent], [r0].[RemindAtUtc], [r0].[SentAt], [r0].[SnoozeUntilUtc], [e].[Color], [e].[Icon], [e].[IsSystem], [e].[Name], [e].[SortOrder], [r].[DayOfMonth], [r].[DaysOfWeek], [r].[EndByDate], [r].[Frequency], [r].[Interval], [r].[MonthOfYear], [r].[OccurrenceCount], [r].[RRule], [e1].[Id], [e1].[CreatedAt], [e1].[Email], [e1].[EventId], [e1].[IsRequired], [e1].[RespondedAt], [e1].[Response], [e1].[UserId], [s].[Id], [s].[CalendarId], [s].[CreatedAt], [s].[CreatedByUserId], [s].[Description], [s].[EndUtc], [s].[EventTypeId], [s].[ExceptionOccurrenceStartUtc], [s].[IsAllDay], [s].[IsDeleted], [s].[Location], [s].[MeetingLink], [s].[OwnerUserId], [s].[ParentEventId], [s].[RecurrenceRuleId], [s].[ShowAs], [s].[StartUtc], [s].[Status], [s].[TimeZoneId], [s].[Title], [s].[UpdatedAt], [s].[UpdatedByUserId], [s].[Visibility], [s].[Id0], [s].[EventId], [s].[TagType], [s].[TagKey], [s].[Id1], [s].[Channel], [s].[EventId0], [s].[IsSent], [s].[RemindAtUtc], [s].[SentAt], [s].[SnoozeUntilUtc], [s].[Color], [s].[Icon], [s].[IsSystem], [s].[Name], [s].[SortOrder], [s].[Id2], [s].[CreatedAt0], [s].[Email], [s].[EventId1], [s].[IsRequired], [s].[RespondedAt], [s].[Response], [s].[UserId], [s].[Id3], [s].[CreatedAt1], [s].[EventId2], [s].[IsCompleted], [s].[ParentTaskId], [s].[SortOrder0], [s].[Title0], [s].[UpdatedAt0], [c2].[Id], [c2].[CreatedAt], [c2].[EventId], [c2].[IsCompleted], [c2].[ParentTaskId], [c2].[SortOrder], [c2].[Title], [c2].[UpdatedAt]
FROM [dbo].[CalendarEvents] AS [c]
LEFT JOIN [dbo].[EventTypes] AS [e] ON [c].[EventTypeId] = [e].[Id]
LEFT JOIN [dbo].[RecurrenceRules] AS [r] ON [c].[RecurrenceRuleId] = [r].[Id]
LEFT JOIN [dbo].[EventTags] AS [e0] ON [c].[Id] = [e0].[EventId]
LEFT JOIN [dbo].[Reminders] AS [r0] ON [c].[Id] = [r0].[EventId]
LEFT JOIN [dbo].[EventAttendees] AS [e1] ON [c].[Id] = [e1].[EventId]
LEFT JOIN (
    SELECT [c0].[Id], [c0].[CalendarId], [c0].[CreatedAt], [c0].[CreatedByUserId], [c0].[Description], [c0].[EndUtc], [c0].[EventTypeId], [c0].[ExceptionOccurrenceStartUtc], [c0].[IsAllDay], [c0].[IsDeleted], [c0].[Location], [c0].[MeetingLink], [c0].[OwnerUserId], [c0].[ParentEventId], [c0].[RecurrenceRuleId], [c0].[ShowAs], [c0].[StartUtc], [c0].[Status], [c0].[TimeZoneId], [c0].[Title], [c0].[UpdatedAt], [c0].[UpdatedByUserId], [c0].[Visibility], [e2].[Id] AS [Id0], [e3].[EventId], [e3].[TagType], [e3].[TagKey], [r1].[Id] AS [Id1], [r1].[Channel], [r1].[EventId] AS [EventId0], [r1].[IsSent], [r1].[RemindAtUtc], [r1].[SentAt], [r1].[SnoozeUntilUtc], [e2].[Color], [e2].[Icon], [e2].[IsSystem], [e2].[Name], [e2].[SortOrder], [e4].[Id] AS [Id2], [e4].[CreatedAt] AS [CreatedAt0], [e4].[Email], [e4].[EventId] AS [EventId1], [e4].[IsRequired], [e4].[RespondedAt], [e4].[Response], [e4].[UserId], [c1].[Id] AS [Id3], [c1].[CreatedAt] AS [CreatedAt1], [c1].[EventId] AS [EventId2], [c1].[IsCompleted], [c1].[ParentTaskId], [c1].[SortOrder] AS [SortOrder0], [c1].[Title] AS [Title0], [c1].[UpdatedAt] AS [UpdatedAt0]
    FROM [dbo].[CalendarEvents] AS [c0]
    LEFT JOIN [dbo].[EventTypes] AS [e2] ON [c0].[EventTypeId] = [e2].[Id]
    LEFT JOIN [dbo].[EventTags] AS [e3] ON [c0].[Id] = [e3].[EventId]
    LEFT JOIN [dbo].[Reminders] AS [r1] ON [c0].[Id] = [r1].[EventId]
    LEFT JOIN [dbo].[EventAttendees] AS [e4] ON [c0].[Id] = [e4].[EventId]
    LEFT JOIN [dbo].[CalendarTasks] AS [c1] ON [c0].[Id] = [c1].[EventId]
) AS [s] ON [c].[Id] = [s].[ParentEventId]
LEFT JOIN [dbo].[CalendarTasks] AS [c2] ON [c].[Id] = [c2].[EventId]
WHERE [c].[IsDeleted] = CAST(0 AS bit) AND [c].[OwnerUserId] = @ownerUserId AND [c].[ParentEventId] IS NULL AND [c].[EndUtc] >= @fromUtc AND [c].[StartUtc] <= @toUtc
ORDER BY [c].[StartUtc], [c].[Id], [e].[Id], [r].[Id], [e0].[EventId], [e0].[TagType], [e0].[TagKey], [r0].[Id], [e1].[Id], [s].[Id], [s].[Id0], [s].[EventId], [s].[TagType], [s].[TagKey], [s].[Id1], [s].[Id2], [s].[Id3]
SQL INF [SalesDashboardService.GetAggSumAsync] [ExecuteScalar] Tenant=NavLive Executable Query:
SELECT ISNULL(-SUM(GLEntry.[Amount]), 0) FROM [dbo].[Tyresoles (India) Pvt_ Ltd_$Detailed Cust_ Ledg_ Entry] GLEntry WITH (NOLOCK)  LEFT JOIN [dbo].[Tyresoles (India) Pvt_ Ltd_$Customer] Cust WITH (NOLOCK) ON Cust.[No_] = GLEntry.[Customer No_] WHERE GLEntry.[Posting Date] BETWEEN '2026-03-01 00:00:00.000' AND '2026-03-31 00:00:00.000' AND GLEntry.[Document Type] IN (1, 6) AND GLEntry.[Journal Batch Name] <> '' AND GLEntry.[Customer No_] <> '' AND Cust.[Responsibility Center] IN ('AHM', 'BEL', 'DEL', 'ECO-B', 'ECO-M', 'JBP', 'MAN')
SQL INF [SalesDashboardService.GetAggCountAsync] [ExecuteScalar] Tenant=NavLive Executable Query:
SELECT COUNT(DISTINCT GLEntry.[Source No_]) FROM [dbo].[Tyresoles (India) Pvt_ Ltd_$G_L Entry] GLEntry WITH (NOLOCK)  LEFT JOIN [dbo].[Tyresoles (India) Pvt_ Ltd_$Customer] Cust WITH (NOLOCK) ON Cust.[No_] = GLEntry.[Source No_] WHERE GLEntry.[Posting Date] BETWEEN '2026-03-01 00:00:00.000' AND '2026-03-31 00:00:00.000' AND GLEntry.[Source No_] <> '' AND GLEntry.[G_L Account No_] IN ('3110', '7572', '3126', '7573', '3112', '3113', '3115', '3117', '3118', '3304', '3317', '3625', '3127', '3612', '3615', '3624', '1515', '3130', '3129') AND GLEntry.[Responsibility Center] IN ('AHM', 'BEL', 'DEL', 'ECO-B', 'ECO-M', 'JBP', 'MAN')
SQL INF [SalesDashboardService.GetAggSumAsync] [ExecuteScalar] Tenant=NavLive Executable Query:
SELECT ISNULL(-SUM(GLEntry.[Amount]), 0) FROM [dbo].[Tyresoles (India) Pvt_ Ltd_$G_L Entry] GLEntry WITH (NOLOCK)  LEFT JOIN [dbo].[Tyresoles (India) Pvt_ Ltd_$Customer] Cust WITH (NOLOCK) ON Cust.[No_] = GLEntry.[Source No_] WHERE GLEntry.[Posting Date] BETWEEN '2026-01-29 00:00:00.000' AND '2026-02-28 00:00:00.000' AND GLEntry.[G_L Account No_] IN ('3110', '7572', '3126', '7573', '3112', '3113', '3115', '3117', '3118', '3304', '3317', '3625', '3127', '3612', '3615', '3624', '1515', '3130', '3129') AND GLEntry.[Source No_] <> '' AND GLEntry.[Responsibility Center] IN ('AHM', 'BEL', 'DEL', 'ECO-B', 'ECO-M', 'JBP', 'MAN')
SQL INF [SalesDashboardService.GetAggSumAsync] [ExecuteScalar] Tenant=NavLive Executable Query:
SELECT ISNULL(-SUM(GLEntry.[Amount]), 0) FROM [dbo].[Tyresoles (India) Pvt_ Ltd_$Detailed Cust_ Ledg_ Entry] GLEntry WITH (NOLOCK)  LEFT JOIN [dbo].[Tyresoles (India) Pvt_ Ltd_$Customer] Cust WITH (NOLOCK) ON Cust.[No_] = GLEntry.[Customer No_] WHERE GLEntry.[Posting Date] BETWEEN '2026-01-29 00:00:00.000' AND '2026-02-28 00:00:00.000' AND GLEntry.[Document Type] IN (1, 6) AND GLEntry.[Journal Batch Name] <> '' AND GLEntry.[Customer No_] <> '' AND Cust.[Responsibility Center] IN ('AHM', 'BEL', 'DEL', 'ECO-B', 'ECO-M', 'JBP', 'MAN')
SQL INF [SalesDashboardService.GetAggCountAsync] [ExecuteScalar] Tenant=NavLive Executable Query:
SELECT COUNT(DISTINCT GLEntry.[Source No_]) FROM [dbo].[Tyresoles (India) Pvt_ Ltd_$G_L Entry] GLEntry WITH (NOLOCK)  LEFT JOIN [dbo].[Tyresoles (India) Pvt_ Ltd_$Customer] Cust WITH (NOLOCK) ON Cust.[No_] = GLEntry.[Source No_] WHERE GLEntry.[Posting Date] BETWEEN '2026-01-29 00:00:00.000' AND '2026-02-28 00:00:00.000' AND GLEntry.[Source No_] <> '' AND GLEntry.[G_L Account No_] IN ('3110', '7572', '3126', '7573', '3112', '3113', '3115', '3117', '3118', '3304', '3317', '3625', '3127', '3612', '3615', '3624', '1515', '3130', '3129') AND GLEntry.[Responsibility Center] IN ('AHM', 'BEL', 'DEL', 'ECO-B', 'ECO-M', 'JBP', 'MAN')
INF [EventDefinition`6.Log] Executed DbCommand (103ms) [Parameters=[@p='?' (DbType = Int32), @userId='?' (Size = 128)], CommandType='Text', CommandTimeout='300']
SELECT TOP(@p) [n].[Id], [n].[CreatedAt], [n].[IsRead], [n].[Link], [n].[Message], [n].[Title], [n].[Type], [n].[UserId]
FROM [dbo].[Notifications] AS [n]
WHERE [n].[UserId] = @userId
ORDER BY [n].[CreatedAt] DESC
INF [EventDefinition`6.Log] Executed DbCommand (103ms) [Parameters=[], CommandType='Text', CommandTimeout='300']
SELECT [e].[Id], [e].[Name], [e].[Color], [e].[Icon], [e].[SortOrder]
FROM [dbo].[EventTypes] AS [e]
ORDER BY [e].[SortOrder], [e].[Name]
INF [EventDefinition`6.Log] Executed DbCommand (111ms) [Parameters=[@userId='?' (Size = 128)], CommandType='Text', CommandTimeout='300']
SELECT COUNT(*)
FROM [dbo].[Notifications] AS [n]
WHERE [n].[UserId] = @userId AND [n].[IsRead] = CAST(0 AS bit)
INF [EventDefinition`6.Log] Executed DbCommand (184ms) [Parameters=[@now='?' (DbType = DateTime2), @now1='?' (DbType = DateTime2)], CommandType='Text', CommandTimeout='300']
SELECT [r].[Id], [r].[Channel], [r].[EventId], [r].[IsSent], [r].[RemindAtUtc], [r].[SentAt], [r].[SnoozeUntilUtc], [c].[Id], [c].[CalendarId], [c].[CreatedAt], [c].[CreatedByUserId], [c].[Description], [c].[EndUtc], [c].[EventTypeId], [c].[ExceptionOccurrenceStartUtc], [c].[IsAllDay], [c].[IsDeleted], [c].[Location], [c].[MeetingLink], [c].[OwnerUserId], [c].[ParentEventId], [c].[RecurrenceRuleId], [c].[ShowAs], [c].[StartUtc], [c].[Status], [c].[TimeZoneId], [c].[Title], [c].[UpdatedAt], [c].[UpdatedByUserId], [c].[Visibility]
FROM [dbo].[Reminders] AS [r]
INNER JOIN [dbo].[CalendarEvents] AS [c] ON [r].[EventId] = [c].[Id]
WHERE [r].[IsSent] = CAST(0 AS bit) AND [r].[RemindAtUtc] <= @now AND ([r].[SnoozeUntilUtc] IS NULL OR [r].[SnoozeUntilUtc] <= @now1)
SQL INF [ProteanDataService.GetPendingEWaybillsAsync] [Query] Tenant=NavLive Executable Query:
SELECT * FROM [dbo].[Tyresoles (India) Pvt_ Ltd_$Sales Invoice Header] t0 WHERE (([E-WBill Status] = 1) OR ([E-WBill Status] = 3))
SQL INF [ProteanDataService.GetPendingEWaybillsAsync] [Query] Tenant=NavLive Executable Query:
SELECT * FROM [dbo].[Tyresoles (India) Pvt_ Ltd_$Responsibility Center] t0 WHERE ([EWaybill Enabled] = 1) AND [Code] IN (SELECT [Responsibility Center] AS [ResponsibilityCenter] FROM [dbo].[Tyresoles (India) Pvt_ Ltd_$Sales Invoice Header] t0 WHERE (([E-WBill Status] = 1) OR ([E-WBill Status] = 3)))
SQL INF [ProteanDataService.GetPendingEWaybillsAsync] [Query] Tenant=NavLive Executable Query:
SELECT * FROM [dbo].[Tyresoles (India) Pvt_ Ltd_$Customer] t0 WHERE [No_] IN ('BCUS000006650', 'BCUS000007395', 'BCUS000003779', 'BCUS000006546', 'BCUS000002611')
SQL INF [ProteanDataService.GetPendingEWaybillsAsync] [Query] Tenant=NavLive Executable Query:
SELECT * FROM [dbo].[Tyresoles (India) Pvt_ Ltd_$D_C Line (Posted)] t0 WHERE [Invoice No_] IN (SELECT [No_] AS [No] FROM [dbo].[Tyresoles (India) Pvt_ Ltd_$Sales Invoice Header] t0 WHERE (([E-WBill Status] = 1) OR ([E-WBill Status] = 3)))
SQL INF [ProteanDataService.GetPendingEWaybillsAsync] [Query] Tenant=NavLive Executable Query:
SELECT * FROM [dbo].[Tyresoles (India) Pvt_ Ltd_$D_C Header (Posted)] t0 WHERE ([Skip E Way Bill] = 0)
INF [EventDefinition`6.Log] Executed DbCommand (733ms) [Parameters=[@now='?' (DbType = DateTime2), @now1='?' (DbType = DateTime2)], CommandType='Text', CommandTimeout='300']
SELECT [r].[Id], [r].[Channel], [r].[EventId], [r].[IsSent], [r].[RemindAtUtc], [r].[SentAt], [r].[SnoozeUntilUtc], [c].[Id], [c].[CalendarId], [c].[CreatedAt], [c].[CreatedByUserId], [c].[Description], [c].[EndUtc], [c].[EventTypeId], [c].[ExceptionOccurrenceStartUtc], [c].[IsAllDay], [c].[IsDeleted], [c].[Location], [c].[MeetingLink], [c].[OwnerUserId], [c].[ParentEventId], [c].[RecurrenceRuleId], [c].[ShowAs], [c].[StartUtc], [c].[Status], [c].[TimeZoneId], [c].[Title], [c].[UpdatedAt], [c].[UpdatedByUserId], [c].[Visibility]
FROM [dbo].[Reminders] AS [r]
INNER JOIN [dbo].[CalendarEvents] AS [c] ON [r].[EventId] = [c].[Id]
WHERE [r].[IsSent] = CAST(0 AS bit) AND [r].[RemindAtUtc] <= @now AND ([r].[SnoozeUntilUtc] IS NULL OR [r].[SnoozeUntilUtc] <= @now1)
SQL INF [ProteanDataService.GetPendingEWaybillsAsync] [Query] Tenant=NavLive Executable Query:
SELECT * FROM [dbo].[Tyresoles (India) Pvt_ Ltd_$Sales Invoice Line] t0 WHERE [Document No_] IN (SELECT [No_] AS [No] FROM [dbo].[Tyresoles (India) Pvt_ Ltd_$Sales Invoice Header] t0 WHERE (([E-WBill Status] = 1) OR ([E-WBill Status] = 3)))
SQL INF [ProteanDataService.FetchStatesByCodesAsync] [QueryAsync] Tenant=NavLive Executable Query:
SELECT * FROM [dbo].[State] WHERE [Code] IN ('KA')
SQL INF [ProteanDataService.FetchStatesByCodesAsync] [QueryAsync] Tenant=NavLive Executable Query:
SELECT * FROM [dbo].[State] WHERE [Code] IN ('KA', 'MH', 'MP')
INF [EWaybillService.GenerateAsync] request {"UserName":"API_tyresolesindia","Password":"Tyres@123","Gstin":"29AAACT2744B1ZM","Action":"Generate","Request":{"supplyType":"O","subSupplyType":"1","subSupplyDesc":"","docType":"INV","docNo":"BSINVP03262047","docDate":"31/03/2026","fromGstin":"29AAACT2744B1ZM","fromTrdName":"TYRESOLES (INDIA) PRIVATE LIMITED","fromAddr1":"Plot No. 35 \u0026 36","fromAddr2":"Kakati Industrial Area, Kakati","fromPlace":"Belgaum","actFromStateCode":"29","fromPincode":"591113","fromStateCode":"29","toGstin":"URP","toTrdName":"SANIDHI TYRES (N B ECOMILES) ","toAddr1":"#167,Ward No.01,Mallapur(P.L)","toAddr2":"Po.Dadnatti,Dis.Mudhol,Bagalkot-","toPlace":"Badami","toPincode":"587122","toStateCode":"29","actToStateCode":"29","transactionType":"1","totalValue":17800.00,"cgstValue":1602.00,"sgstValue":1602.00,"igstValue":0,"cessValue":0,"cessNonAdvolValue":0,"otherValue":0,"totInvValue":21004.00,"transMode":"1","transDistance":0,"transporterName":"S B MATAPATHI","transporterId":"","transDocNo":"","transDocDate":"","vehicleNo":"KA23A6163","vehicleType":"R","itemList":[{"productName":"Tyre Retreading","productDesc":"Retreading","hsnCode":40121200,"quantity":2,"qtyUnit":"NOS","taxableAmount":17800.00,"sgstRate":9.00,"cgstRate":9.00,"igstRate":0,"cessRate":0,"cessNonadvol":0}]}}
INF [EWaybillService.GenerateAsync] request {"UserName":"API_tyresolesindia","Password":"Tyres@123","Gstin":"29AAACT2744B1ZM","Action":"Generate","Request":{"supplyType":"O","subSupplyType":"1","subSupplyDesc":"","docType":"INV","docNo":"BSINVP03261568","docDate":"27/03/2026","fromGstin":"29AAACT2744B1ZM","fromTrdName":"TYRESOLES (INDIA) PRIVATE LIMITED","fromAddr1":"Plot No. 35 \u0026 36","fromAddr2":"Kakati Industrial Area, Kakati","fromPlace":"Belgaum","actFromStateCode":"29","fromPincode":"591113","fromStateCode":"29","toGstin":"29APOPD9633B1ZS","toTrdName":"ESRV ENTERPRISES","toAddr1":"Ground Floor, 3-126/6, Jyothi Complex,","toAddr2":"Gangolli Road, Gujjadi Post, Kodapady, Udupi,","toPlace":"Kundapura","toPincode":"576247","toStateCode":"29","actToStateCode":"29","transactionType":"1","totalValue":34618.00,"cgstValue":3115.62,"sgstValue":3115.62,"igstValue":0,"cessValue":0,"cessNonAdvolValue":0,"otherValue":0,"totInvValue":40849.00,"transMode":"1","transDistance":0,"transporterName":"MALIKJAN","transporterId":"","transDocNo":"","transDocDate":"","vehicleNo":"KA27A8837","vehicleType":"R","itemList":[{"productName":"Tyre Retreading","productDesc":"Retreading","hsnCode":40121200,"quantity":6,"qtyUnit":"NOS","taxableAmount":34618.00,"sgstRate":9.00,"cgstRate":9.00,"igstRate":0,"cessRate":0,"cessNonadvol":0}]}}
INF [EWaybillService.GenerateAsync] request {"UserName":"API_tyresolesindia","Password":"Tyres@123","Gstin":"29AAACT2744B1ZM","Action":"Generate","Request":{"supplyType":"O","subSupplyType":"1","subSupplyDesc":"","docType":"INV","docNo":"BSINVP03261892","docDate":"31/03/2026","fromGstin":"29AAACT2744B1ZM","fromTrdName":"TYRESOLES (INDIA) PRIVATE LIMITED","fromAddr1":"Plot No. 35 \u0026 36","fromAddr2":"Kakati Industrial Area, Kakati","fromPlace":"Belgaum","actFromStateCode":"29","fromPincode":"591113","fromStateCode":"29","toGstin":"29ALUPP4821H1ZI","toTrdName":"M/s MALLIKARJUN AGENCIES","toAddr1":"MUDHOL","toAddr2":"MUDHOL","toPlace":"Mudhol","toPincode":"587316","toStateCode":"29","actToStateCode":"29","transactionType":"2","totalValue":113000.00,"cgstValue":10170.00,"sgstValue":10170.00,"igstValue":0,"cessValue":0,"cessNonAdvolValue":0,"otherValue":0,"totInvValue":133340.00,"transMode":"1","transDistance":0,"transporterName":"S B MATAPATHI","transporterId":"","transDocNo":"","transDocDate":"","vehicleNo":"KA23A6163","vehicleType":"R","itemList":[{"productName":"Tyre Retreading","productDesc":"Retreading","hsnCode":40121200,"quantity":10,"qtyUnit":"NOS","taxableAmount":113000.00,"sgstRate":9.00,"cgstRate":9.00,"igstRate":0,"cessRate":0,"cessNonadvol":0}]}}
INF [EWaybillService.GenerateAsync] request {"UserName":"API_tyresolesindia","Password":"Tyres@123","Gstin":"29AAACT2744B1ZM","Action":"Generate","Request":{"supplyType":"O","subSupplyType":"1","subSupplyDesc":"","docType":"INV","docNo":"BSINVP03261588","docDate":"27/03/2026","fromGstin":"29AAACT2744B1ZM","fromTrdName":"TYRESOLES (INDIA) PRIVATE LIMITED","fromAddr1":"Plot No. 35 \u0026 36","fromAddr2":"Kakati Industrial Area, Kakati","fromPlace":"Belgaum","actFromStateCode":"29","fromPincode":"591113","fromStateCode":"29","toGstin":"23AAACT2744B1ZY","toTrdName":"Tyresoles India Private Limited","toAddr1":"84 RICHHAI INDU ,ESTATE OPP PARLE BISCUIT","toAddr2":"FACT RICHHAI JABALPUR ","toPlace":"Jabalpur","toPincode":"482011","toStateCode":"23","actToStateCode":"23","transactionType":"1","totalValue":442530.00,"cgstValue":0,"sgstValue":0,"igstValue":79655.40,"cessValue":0,"cessNonAdvolValue":0,"otherValue":0,"totInvValue":522185.00,"transMode":"1","transDistance":0,"transporterName":"RAEES KHAN","transporterId":"","transDocNo":"","transDocDate":"","vehicleNo":"MP09HH4135","vehicleType":"R","itemList":[{"productName":"Tyre Retreading","productDesc":"Retreading","hsnCode":40121200,"quantity":50,"qtyUnit":"NOS","taxableAmount":442530.00,"sgstRate":0,"cgstRate":0,"igstRate":18.00,"cessRate":0,"cessNonadvol":0}]}}
INF [EWaybillService.GenerateAsync] request {"UserName":"API_tyresolesindia","Password":"Tyres@123","Gstin":"29AAACT2744B1ZM","Action":"Generate","Request":{"supplyType":"O","subSupplyType":"1","subSupplyDesc":"","docType":"INV","docNo":"BSINVP03261521","docDate":"27/03/2026","fromGstin":"29AAACT2744B1ZM","fromTrdName":"TYRESOLES (INDIA) PRIVATE LIMITED","fromAddr1":"Plot No. 35 \u0026 36","fromAddr2":"Kakati Industrial Area, Kakati","fromPlace":"Belgaum","actFromStateCode":"29","fromPincode":"591113","fromStateCode":"29","toGstin":"27ACEFA1317J1ZN","toTrdName":"AYM TOP BUS LLP","toAddr1":"2, A/224, OSHIWARA INDUSTRIAL PREMISES CHS LTD","toAddr2":"GOREGAON LINK ROAD OFF NEW LINK ROAD, GOREGAON W","toPlace":"Goregaon West","toPincode":"400104","toStateCode":"27","actToStateCode":"27","transactionType":"1","totalValue":6186.44,"cgstValue":0,"sgstValue":0,"igstValue":1113.56,"cessValue":0,"cessNonAdvolValue":0,"otherValue":0,"totInvValue":7300.00,"transMode":"1","transDistance":0,"transporterName":"B I HIREMATH","transporterId":"","transDocNo":"","transDocDate":"","vehicleNo":"KA22A9686","vehicleType":"R","itemList":[{"productName":"Tyre Retreading","productDesc":"Retreading","hsnCode":998729,"quantity":2,"qtyUnit":"NOS","taxableAmount":6186.44,"sgstRate":0,"cgstRate":0,"igstRate":0.00,"cessRate":0,"cessNonadvol":0},{"productName":"Tyre Retreading","productDesc":"Retreading","hsnCode":40121200,"quantity":0,"qtyUnit":"","taxableAmount":0,"sgstRate":0,"cgstRate":0,"igstRate":0,"cessRate":0,"cessNonadvol":0}]}}
INF [LogHelper.LogRequestPipelineStart] Start processing HTTP request POST https://api.proteangsp.co.in/gus/ewb/v1.03/auth
INF [LogHelper.LogRequestPipelineStart] Start processing HTTP request POST https://api.proteangsp.co.in/gus/ewb/v1.03/auth
INF [LogHelper.LogRequestPipelineStart] Start processing HTTP request POST https://api.proteangsp.co.in/gus/ewb/v1.03/auth
INF [LogHelper.LogRequestPipelineStart] Start processing HTTP request POST https://api.proteangsp.co.in/gus/ewb/v1.03/auth
INF [LogHelper.LogRequestPipelineStart] Start processing HTTP request POST https://api.proteangsp.co.in/gus/ewb/v1.03/auth
INF [LogHelper.LogRequestStart] Sending HTTP request POST https://api.proteangsp.co.in/gus/ewb/v1.03/auth
INF [LogHelper.LogRequestStart] Sending HTTP request POST https://api.proteangsp.co.in/gus/ewb/v1.03/auth
INF [LogHelper.LogRequestStart] Sending HTTP request POST https://api.proteangsp.co.in/gus/ewb/v1.03/auth
INF [LogHelper.LogRequestStart] Sending HTTP request POST https://api.proteangsp.co.in/gus/ewb/v1.03/auth
INF [LogHelper.LogRequestStart] Sending HTTP request POST https://api.proteangsp.co.in/gus/ewb/v1.03/auth
INF [LogHelper.LogRequestEnd] Received HTTP response headers after 1008.5838ms - 200
INF [LogHelper.LogRequestEnd] Received HTTP response headers after 1021.8929ms - 200
INF [LogHelper.LogRequestPipelineEnd] End processing HTTP request after 1040.6115ms - 200
INF [LogHelper.LogRequestPipelineEnd] End processing HTTP request after 1040.6648ms - 200
INF [ProteanHttpClientBase.PostInternalAsync] Protean Raw Response (POST https://api.proteangsp.co.in/gus/ewb/v1.03/auth): {"status":"1","authtoken":"1hocwPwjl51HZkoyPIC62ayBw","sek":"zioAgZv17oCxKI0grf8E9xF1Y6Lq6GL51wLvLaQ/4WRYwcX7UeuJpDmxwF6pIaah"}
INF [ProteanHttpClientBase.PostInternalAsync] Protean Raw Response (POST https://api.proteangsp.co.in/gus/ewb/v1.03/auth): {"status":"1","authtoken":"1hocwPwjl51HZkoyPIC62ayBw","sek":"01q+JHQaGsn88Djr6jUEvp1NIqYIac5fbk6kpjtnHYQJEhTu3DUIIXDEwHCOLh+L"}
INF [ProteanSessionService.FetchEWaybillSessionAsync] EWaybill session refreshed for 29AAACT2744B1ZM, expires 04/02/2026 21:43:21 +00:00
INF [ProteanSessionService.FetchEWaybillSessionAsync] EWaybill session refreshed for 29AAACT2744B1ZM, expires 04/02/2026 21:43:21 +00:00
INF [EWaybillService.GenerateAsync] GenerateEWaybill BSINVP03262047
INF [EWaybillService.GenerateAsync] GenerateEWaybill BSINVP03261568
INF [LogHelper.LogRequestPipelineStart] Start processing HTTP request POST https://api.proteangsp.co.in/gus/ewb/v1.03/ewayapi/
INF [LogHelper.LogRequestPipelineStart] Start processing HTTP request POST https://api.proteangsp.co.in/gus/ewb/v1.03/ewayapi/
INF [LogHelper.LogRequestStart] Sending HTTP request POST https://api.proteangsp.co.in/gus/ewb/v1.03/ewayapi/
INF [LogHelper.LogRequestStart] Sending HTTP request POST https://api.proteangsp.co.in/gus/ewb/v1.03/ewayapi/
INF [LogHelper.LogRequestEnd] Received HTTP response headers after 1208.9495ms - 200
INF [LogHelper.LogRequestEnd] Received HTTP response headers after 166.5484ms - 200
INF [LogHelper.LogRequestEnd] Received HTTP response headers after 1209.0251ms - 200
INF [LogHelper.LogRequestEnd] Received HTTP response headers after 1209.025ms - 200
INF [LogHelper.LogRequestPipelineEnd] End processing HTTP request after 167.407ms - 200
INF [LogHelper.LogRequestPipelineEnd] End processing HTTP request after 1222.6819ms - 200
INF [LogHelper.LogRequestPipelineEnd] End processing HTTP request after 1222.6868ms - 200
INF [LogHelper.LogRequestPipelineEnd] End processing HTTP request after 1222.724ms - 200
INF [ProteanHttpClientBase.PostInternalAsync] Protean Raw Response (POST https://api.proteangsp.co.in/gus/ewb/v1.03/auth): {"status":"1","authtoken":"1hocwPwjl51HZkoyPIC62ayBw","sek":"I8RN58jtrFEKSyfxv51BNS0SRINSEzbURXOnb6AmU/pocUpURvOA6hhdnz4RVAby"}
INF [ProteanHttpClientBase.PostInternalAsync] Protean Raw Response (POST https://api.proteangsp.co.in/gus/ewb/v1.03/ewayapi/): {"status":"0","error":"eyJlcnJvckNvZGVzIjoiNjA0LCJ9","info":""}
INF [ProteanHttpClientBase.PostInternalAsync] Protean Raw Response (POST https://api.proteangsp.co.in/gus/ewb/v1.03/auth): {"status":"1","authtoken":"1hocwPwjl51HZkoyPIC62ayBw","sek":"fROCvhJ5sPA3aj5aKvJb+NwklxufmFtvekhGT7XeWtEUTmHkeLsetNW7J/26zFsI"}
INF [ProteanSessionService.FetchEWaybillSessionAsync] EWaybill session refreshed for 29AAACT2744B1ZM, expires 04/02/2026 21:43:21 +00:00
INF [ProteanSessionService.FetchEWaybillSessionAsync] EWaybill session refreshed for 29AAACT2744B1ZM, expires 04/02/2026 21:43:21 +00:00
INF [ProteanHttpClientBase.PostInternalAsync] Protean Raw Response (POST https://api.proteangsp.co.in/gus/ewb/v1.03/auth): {"status":"1","authtoken":"1hocwPwjl51HZkoyPIC62ayBw","sek":"cvkYEjLWgxYokpbVx+ZEaYqtjAvct4qm08ibXqDhG+itkRDoDIrrk5yBWhajPEyL"}
INF [ProteanSessionService.FetchEWaybillSessionAsync] EWaybill session refreshed for 29AAACT2744B1ZM, expires 04/02/2026 21:43:21 +00:00
INF [EWaybillService.GenerateAsync] GenerateEWaybill BSINVP03261892
INF [LogHelper.LogRequestPipelineStart] Start processing HTTP request POST https://api.proteangsp.co.in/gus/ewb/v1.03/ewayapi/
INF [LogHelper.LogRequestStart] Sending HTTP request POST https://api.proteangsp.co.in/gus/ewb/v1.03/ewayapi/
INF [EWaybillService.GenerateAsync] GenerateEWaybill BSINVP03261588
INF [LogHelper.LogRequestPipelineStart] Start processing HTTP request POST https://api.proteangsp.co.in/gus/ewb/v1.03/ewayapi/
INF [LogHelper.LogRequestStart] Sending HTTP request POST https://api.proteangsp.co.in/gus/ewb/v1.03/ewayapi/
INF [EWaybillService.GenerateAsync] GenerateEWaybill BSINVP03261521
INF [LogHelper.LogRequestPipelineStart] Start processing HTTP request POST https://api.proteangsp.co.in/gus/ewb/v1.03/ewayapi/
INF [LogHelper.LogRequestStart] Sending HTTP request POST https://api.proteangsp.co.in/gus/ewb/v1.03/ewayapi/
WRN [EWaybillService.DecryptEwbResponse] Protean e-waybill rejected BSINVP03262047: EWaybill error for BSINVP03262047 — 604: E-way bill(s) are already generated for the same document number
Tyresoles.Protean.EWaybillGenerateException: EWaybill error for BSINVP03262047 — 604: E-way bill(s) are already generated for the same document number
   at Tyresoles.Protean.Services.EWaybillService.DecryptEwbResponse[TResult](EwbResponse resp, String sekBase64, String label) in D:\Work Desk\Tyresoles\back-end\Tyresoles.Protean\Services\EWaybillService.cs:line 192
   at Tyresoles.Protean.Services.EWaybillService.GenerateAsync(EWaybillRequest request, CancellationToken ct) in D:\Work Desk\Tyresoles\back-end\Tyresoles.Protean\Services\EWaybillService.cs:line 49
SQL INF [ProteanDataService.GetCredentialsForInvoiceAsync] [Query] Tenant=NavLive Executable Query:
SELECT TOP (1) * FROM [dbo].[Tyresoles (India) Pvt_ Ltd_$Responsibility Center] t0 WHERE [Code] IN (SELECT [Responsibility Center] AS [ResponsibilityCenter] FROM [dbo].[Tyresoles (India) Pvt_ Ltd_$Sales Invoice Header] t0 WHERE ([No_] = 'BSINVP03262047'))
INF [LogHelper.LogRequestEnd] Received HTTP response headers after 205.1361ms - 200
INF [LogHelper.LogRequestPipelineEnd] End processing HTTP request after 205.6788ms - 200
INF [ProteanHttpClientBase.PostInternalAsync] Protean Raw Response (POST https://api.proteangsp.co.in/gus/ewb/v1.03/ewayapi/): {"status":"0","error":"eyJlcnJvckNvZGVzIjoiNjA0LCJ9","info":""}
WRN [EWaybillService.DecryptEwbResponse] Protean e-waybill rejected BSINVP03261568: EWaybill error for BSINVP03261568 — 604: E-way bill(s) are already generated for the same document number
Tyresoles.Protean.EWaybillGenerateException: EWaybill error for BSINVP03261568 — 604: E-way bill(s) are already generated for the same document number
   at Tyresoles.Protean.Services.EWaybillService.DecryptEwbResponse[TResult](EwbResponse resp, String sekBase64, String label) in D:\Work Desk\Tyresoles\back-end\Tyresoles.Protean\Services\EWaybillService.cs:line 192
   at Tyresoles.Protean.Services.EWaybillService.GenerateAsync(EWaybillRequest request, CancellationToken ct) in D:\Work Desk\Tyresoles\back-end\Tyresoles.Protean\Services\EWaybillService.cs:line 49
   at Tyresoles.Data.Features.Sales.ProteanService.<>c__DisplayClass12_0.<<RunEWBProcessAsync>b__0>d.MoveNext() in D:\Work Desk\Tyresoles\back-end\Tyresoles.Data\Features\Sales\ProteanDataService.cs:line 528
SQL INF [ProteanDataService.GetCredentialsForInvoiceAsync] [Query] Tenant=NavLive Executable Query:
SELECT TOP (1) * FROM [dbo].[Tyresoles (India) Pvt_ Ltd_$Responsibility Center] t0 WHERE [Code] IN (SELECT [Responsibility Center] AS [ResponsibilityCenter] FROM [dbo].[Tyresoles (India) Pvt_ Ltd_$Sales Invoice Header] t0 WHERE ([No_] = 'BSINVP03261568'))
SQL ERR [ExecutionContext.RunInternal] [Query] Tenant=NavLive Executable Query failed:
SELECT TOP (1) * FROM [dbo].[Tyresoles (India) Pvt_ Ltd_$Responsibility Center] t0 WHERE [Code] IN (SELECT [Responsibility Center] AS [ResponsibilityCenter] FROM [dbo].[Tyresoles (India) Pvt_ Ltd_$Sales Invoice Header] t0 WHERE ([No_] = 'BSINVP03261568'))
System.InvalidOperationException: The connection does not support MultipleActiveResultSets.
   at Microsoft.Data.SqlClient.SqlCommand.<>c.<ExecuteDbDataReaderAsync>b__195_0(Task`1 result)
   at System.Threading.Tasks.ContinuationResultTaskFromResultTask`2.InnerInvoke()
   at System.Threading.ExecutionContext.RunInternal(ExecutionContext executionContext, ContextCallback callback, Object state)
--- End of stack trace from previous location ---
   at System.Threading.ExecutionContext.RunInternal(ExecutionContext executionContext, ContextCallback callback, Object state)
   at System.Threading.Tasks.Task.ExecuteWithThreadLocal(Task& currentTaskSlot, Thread threadPoolThread)
--- End of stack trace from previous location ---
   at Tyresoles.Sql.Core.TenantScope.StreamAsync[T](IQuery`1 query, CancellationToken ct)+MoveNext() in D:\Work Desk\Tyresoles\back-end\Tyresoles.Sql\Core\TenantScope.cs:line 171
   at Tyresoles.Sql.Core.TenantScope.StreamAsync[T](IQuery`1 query, CancellationToken ct)+System.Threading.Tasks.Sources.IValueTaskSource<System.Boolean>.GetResult()
   at Tyresoles.Sql.Core.TenantScope.ToArrayAsync[T](IQuery`1 query, CancellationToken ct) in D:\Work Desk\Tyresoles\back-end\Tyresoles.Sql\Core\TenantScope.cs:line 222
   at Tyresoles.Sql.Core.TenantScope.ToArrayAsync[T](IQuery`1 query, CancellationToken ct) in D:\Work Desk\Tyresoles\back-end\Tyresoles.Sql\Core\TenantScope.cs:line 222
ERR [ProteanService.GetEwbByDocNoAsync] GetEwbByDocNoAsync failed for BSINVP03261568
System.InvalidOperationException: The connection does not support MultipleActiveResultSets.
   at Microsoft.Data.SqlClient.SqlCommand.<>c.<ExecuteDbDataReaderAsync>b__195_0(Task`1 result)
   at System.Threading.Tasks.ContinuationResultTaskFromResultTask`2.InnerInvoke()
   at System.Threading.ExecutionContext.RunInternal(ExecutionContext executionContext, ContextCallback callback, Object state)
--- End of stack trace from previous location ---
   at System.Threading.ExecutionContext.RunInternal(ExecutionContext executionContext, ContextCallback callback, Object state)
   at System.Threading.Tasks.Task.ExecuteWithThreadLocal(Task& currentTaskSlot, Thread threadPoolThread)
--- End of stack trace from previous location ---
   at Tyresoles.Sql.Core.TenantScope.StreamAsync[T](IQuery`1 query, CancellationToken ct)+MoveNext() in D:\Work Desk\Tyresoles\back-end\Tyresoles.Sql\Core\TenantScope.cs:line 171
   at Tyresoles.Sql.Core.TenantScope.StreamAsync[T](IQuery`1 query, CancellationToken ct)+System.Threading.Tasks.Sources.IValueTaskSource<System.Boolean>.GetResult()
   at Tyresoles.Sql.Core.TenantScope.ToArrayAsync[T](IQuery`1 query, CancellationToken ct) in D:\Work Desk\Tyresoles\back-end\Tyresoles.Sql\Core\TenantScope.cs:line 222
   at Tyresoles.Sql.Core.TenantScope.ToArrayAsync[T](IQuery`1 query, CancellationToken ct) in D:\Work Desk\Tyresoles\back-end\Tyresoles.Sql\Core\TenantScope.cs:line 222
   at Tyresoles.Sql.Core.Query.Query`1.FirstOrDefaultAsync(CancellationToken ct) in D:\Work Desk\Tyresoles\back-end\Tyresoles.Sql\Core\Query\Query.cs:line 242
   at Tyresoles.Data.Features.Protean.ProteanDataService.GetCredentialsForInvoiceAsync(ITenantScope scope, String invoiceNo, CancellationToken ct) in D:\Work Desk\Tyresoles\back-end\Tyresoles.Data\Features\Protean\ProteanDataService.cs:line 666
   at Tyresoles.Data.Features.Sales.ProteanService.GetEwbByDocNoAsync(ITenantScope scope, String docType, String docNo, IEWaybillService eWaybillService, CancellationToken ct) in D:\Work Desk\Tyresoles\back-end\Tyresoles.Data\Features\Sales\ProteanDataService.cs:line 634
INF [LogHelper.LogRequestEnd] Received HTTP response headers after 99.0495ms - 200
INF [LogHelper.LogRequestEnd] Received HTTP response headers after 100.4526ms - 200
INF [LogHelper.LogRequestPipelineEnd] End processing HTTP request after 99.5824ms - 200
INF [LogHelper.LogRequestPipelineEnd] End processing HTTP request after 101.0714ms - 200
INF [ProteanHttpClientBase.PostInternalAsync] Protean Raw Response (POST https://api.proteangsp.co.in/gus/ewb/v1.03/ewayapi/): {"status":"0","error":"eyJlcnJvckNvZGVzIjoiNjA0LCJ9","info":""}
INF [ProteanHttpClientBase.PostInternalAsync] Protean Raw Response (POST https://api.proteangsp.co.in/gus/ewb/v1.03/ewayapi/): {"status":"0","error":"eyJlcnJvckNvZGVzIjoiNjA0LCJ9","info":""}
WRN [EWaybillService.DecryptEwbResponse] Protean e-waybill rejected BSINVP03261588: EWaybill error for BSINVP03261588 — 604: E-way bill(s) are already generated for the same document number
Tyresoles.Protean.EWaybillGenerateException: EWaybill error for BSINVP03261588 — 604: E-way bill(s) are already generated for the same document number
   at Tyresoles.Protean.Services.EWaybillService.DecryptEwbResponse[TResult](EwbResponse resp, String sekBase64, String label) in D:\Work Desk\Tyresoles\back-end\Tyresoles.Protean\Services\EWaybillService.cs:line 192
   at Tyresoles.Protean.Services.EWaybillService.GenerateAsync(EWaybillRequest request, CancellationToken ct) in D:\Work Desk\Tyresoles\back-end\Tyresoles.Protean\Services\EWaybillService.cs:line 49
   at System.Runtime.ExceptionServices.ExceptionDispatchInfo.Throw()
WRN [EWaybillService.DecryptEwbResponse] Protean e-waybill rejected BSINVP03261892: EWaybill error for BSINVP03261892 — 604: E-way bill(s) are already generated for the same document number
Tyresoles.Protean.EWaybillGenerateException: EWaybill error for BSINVP03261892 — 604: E-way bill(s) are already generated for the same document number
   at Tyresoles.Protean.Services.EWaybillService.DecryptEwbResponse[TResult](EwbResponse resp, String sekBase64, String label) in D:\Work Desk\Tyresoles\back-end\Tyresoles.Protean\Services\EWaybillService.cs:line 192
   at Tyresoles.Protean.Services.EWaybillService.GenerateAsync(EWaybillRequest request, CancellationToken ct) in D:\Work Desk\Tyresoles\back-end\Tyresoles.Protean\Services\EWaybillService.cs:line 49
SQL INF [ProteanDataService.GetCredentialsForInvoiceAsync] [Query] Tenant=NavLive Executable Query:
SELECT TOP (1) * FROM [dbo].[Tyresoles (India) Pvt_ Ltd_$Responsibility Center] t0 WHERE [Code] IN (SELECT [Responsibility Center] AS [ResponsibilityCenter] FROM [dbo].[Tyresoles (India) Pvt_ Ltd_$Sales Invoice Header] t0 WHERE ([No_] = 'BSINVP03261588'))
SQL INF [ProteanDataService.GetCredentialsForInvoiceAsync] [Query] Tenant=NavLive Executable Query:
SELECT TOP (1) * FROM [dbo].[Tyresoles (India) Pvt_ Ltd_$Responsibility Center] t0 WHERE [Code] IN (SELECT [Responsibility Center] AS [ResponsibilityCenter] FROM [dbo].[Tyresoles (India) Pvt_ Ltd_$Sales Invoice Header] t0 WHERE ([No_] = 'BSINVP03261892'))
SQL ERR [ExecutionContext.RunInternal] [Query] Tenant=NavLive Executable Query failed:
SELECT TOP (1) * FROM [dbo].[Tyresoles (India) Pvt_ Ltd_$Responsibility Center] t0 WHERE [Code] IN (SELECT [Responsibility Center] AS [ResponsibilityCenter] FROM [dbo].[Tyresoles (India) Pvt_ Ltd_$Sales Invoice Header] t0 WHERE ([No_] = 'BSINVP03261588'))
System.InvalidOperationException: There is already an open DataReader associated with this Connection which must be closed first.
   at Microsoft.Data.SqlClient.SqlCommand.<>c.<ExecuteDbDataReaderAsync>b__195_0(Task`1 result)
   at System.Threading.Tasks.ContinuationResultTaskFromResultTask`2.InnerInvoke()
   at System.Threading.ExecutionContext.RunInternal(ExecutionContext executionContext, ContextCallback callback, Object state)
--- End of stack trace from previous location ---
   at System.Threading.ExecutionContext.RunInternal(ExecutionContext executionContext, ContextCallback callback, Object state)
   at System.Threading.Tasks.Task.ExecuteWithThreadLocal(Task& currentTaskSlot, Thread threadPoolThread)
--- End of stack trace from previous location ---
   at Tyresoles.Sql.Core.TenantScope.StreamAsync[T](IQuery`1 query, CancellationToken ct)+MoveNext() in D:\Work Desk\Tyresoles\back-end\Tyresoles.Sql\Core\TenantScope.cs:line 171
SQL ERR [ExecutionContext.RunInternal] [Query] Tenant=NavLive Executable Query failed:
SELECT TOP (1) * FROM [dbo].[Tyresoles (India) Pvt_ Ltd_$Responsibility Center] t0 WHERE [Code] IN (SELECT [Responsibility Center] AS [ResponsibilityCenter] FROM [dbo].[Tyresoles (India) Pvt_ Ltd_$Sales Invoice Header] t0 WHERE ([No_] = 'BSINVP03261892'))
System.InvalidOperationException: There is already an open DataReader associated with this Connection which must be closed first.
   at Microsoft.Data.SqlClient.SqlCommand.<>c.<ExecuteDbDataReaderAsync>b__195_0(Task`1 result)
   at System.Threading.Tasks.ContinuationResultTaskFromResultTask`2.InnerInvoke()
   at System.Threading.ExecutionContext.RunInternal(ExecutionContext executionContext, ContextCallback callback, Object state)
--- End of stack trace from previous location ---
   at System.Threading.ExecutionContext.RunInternal(ExecutionContext executionContext, ContextCallback callback, Object state)
   at System.Threading.Tasks.Task.ExecuteWithThreadLocal(Task& currentTaskSlot, Thread threadPoolThread)
--- End of stack trace from previous location ---
   at Tyresoles.Sql.Core.TenantScope.StreamAsync[T](IQuery`1 query, CancellationToken ct)+MoveNext() in D:\Work Desk\Tyresoles\back-end\Tyresoles.Sql\Core\TenantScope.cs:line 171
ERR [ProteanService.GetEwbByDocNoAsync] GetEwbByDocNoAsync failed for BSINVP03261588
System.InvalidOperationException: There is already an open DataReader associated with this Connection which must be closed first.
   at Microsoft.Data.SqlClient.SqlCommand.<>c.<ExecuteDbDataReaderAsync>b__195_0(Task`1 result)
   at System.Threading.Tasks.ContinuationResultTaskFromResultTask`2.InnerInvoke()
   at System.Threading.ExecutionContext.RunInternal(ExecutionContext executionContext, ContextCallback callback, Object state)
--- End of stack trace from previous location ---
   at System.Threading.ExecutionContext.RunInternal(ExecutionContext executionContext, ContextCallback callback, Object state)
   at System.Threading.Tasks.Task.ExecuteWithThreadLocal(Task& currentTaskSlot, Thread threadPoolThread)
--- End of stack trace from previous location ---
   at Tyresoles.Sql.Core.TenantScope.StreamAsync[T](IQuery`1 query, CancellationToken ct)+MoveNext() in D:\Work Desk\Tyresoles\back-end\Tyresoles.Sql\Core\TenantScope.cs:line 171
   at Tyresoles.Sql.Core.TenantScope.StreamAsync[T](IQuery`1 query, CancellationToken ct)+System.Threading.Tasks.Sources.IValueTaskSource<System.Boolean>.GetResult()
   at Tyresoles.Sql.Core.TenantScope.ToArrayAsync[T](IQuery`1 query, CancellationToken ct) in D:\Work Desk\Tyresoles\back-end\Tyresoles.Sql\Core\TenantScope.cs:line 222
   at Tyresoles.Sql.Core.TenantScope.ToArrayAsync[T](IQuery`1 query, CancellationToken ct) in D:\Work Desk\Tyresoles\back-end\Tyresoles.Sql\Core\TenantScope.cs:line 222
   at Tyresoles.Sql.Core.Query.Query`1.FirstOrDefaultAsync(CancellationToken ct) in D:\Work Desk\Tyresoles\back-end\Tyresoles.Sql\Core\Query\Query.cs:line 242
   at Tyresoles.Data.Features.Protean.ProteanDataService.GetCredentialsForInvoiceAsync(ITenantScope scope, String invoiceNo, CancellationToken ct) in D:\Work Desk\Tyresoles\back-end\Tyresoles.Data\Features\Protean\ProteanDataService.cs:line 666
   at Tyresoles.Data.Features.Sales.ProteanService.GetEwbByDocNoAsync(ITenantScope scope, String docType, String docNo, IEWaybillService eWaybillService, CancellationToken ct) in D:\Work Desk\Tyresoles\back-end\Tyresoles.Data\Features\Sales\ProteanDataService.cs:line 634
ERR [ProteanService.GetEwbByDocNoAsync] GetEwbByDocNoAsync failed for BSINVP03261892
System.InvalidOperationException: There is already an open DataReader associated with this Connection which must be closed first.
   at Microsoft.Data.SqlClient.SqlCommand.<>c.<ExecuteDbDataReaderAsync>b__195_0(Task`1 result)
   at System.Threading.Tasks.ContinuationResultTaskFromResultTask`2.InnerInvoke()
   at System.Threading.ExecutionContext.RunInternal(ExecutionContext executionContext, ContextCallback callback, Object state)
--- End of stack trace from previous location ---
   at System.Threading.ExecutionContext.RunInternal(ExecutionContext executionContext, ContextCallback callback, Object state)
   at System.Threading.Tasks.Task.ExecuteWithThreadLocal(Task& currentTaskSlot, Thread threadPoolThread)
--- End of stack trace from previous location ---
   at Tyresoles.Sql.Core.TenantScope.StreamAsync[T](IQuery`1 query, CancellationToken ct)+MoveNext() in D:\Work Desk\Tyresoles\back-end\Tyresoles.Sql\Core\TenantScope.cs:line 171
   at Tyresoles.Sql.Core.TenantScope.StreamAsync[T](IQuery`1 query, CancellationToken ct)+System.Threading.Tasks.Sources.IValueTaskSource<System.Boolean>.GetResult()
   at Tyresoles.Sql.Core.TenantScope.ToArrayAsync[T](IQuery`1 query, CancellationToken ct) in D:\Work Desk\Tyresoles\back-end\Tyresoles.Sql\Core\TenantScope.cs:line 222
   at Tyresoles.Sql.Core.TenantScope.ToArrayAsync[T](IQuery`1 query, CancellationToken ct) in D:\Work Desk\Tyresoles\back-end\Tyresoles.Sql\Core\TenantScope.cs:line 222
   at Tyresoles.Sql.Core.Query.Query`1.FirstOrDefaultAsync(CancellationToken ct) in D:\Work Desk\Tyresoles\back-end\Tyresoles.Sql\Core\Query\Query.cs:line 242
   at Tyresoles.Data.Features.Protean.ProteanDataService.GetCredentialsForInvoiceAsync(ITenantScope scope, String invoiceNo, CancellationToken ct) in D:\Work Desk\Tyresoles\back-end\Tyresoles.Data\Features\Protean\ProteanDataService.cs:line 666
   at Tyresoles.Data.Features.Sales.ProteanService.GetEwbByDocNoAsync(ITenantScope scope, String docType, String docNo, IEWaybillService eWaybillService, CancellationToken ct) in D:\Work Desk\Tyresoles\back-end\Tyresoles.Data\Features\Sales\ProteanDataService.cs:line 634
INF [LogHelper.LogRequestEnd] Received HTTP response headers after 194.5759ms - 200
INF [LogHelper.LogRequestPipelineEnd] End processing HTTP request after 195.0221ms - 200
INF [ProteanHttpClientBase.PostInternalAsync] Protean Raw Response (POST https://api.proteangsp.co.in/gus/ewb/v1.03/ewayapi/): {"status":"0","error":"eyJlcnJvckNvZGVzIjoiNjA0LCJ9","info":""}
WRN [EWaybillService.DecryptEwbResponse] Protean e-waybill rejected BSINVP03261521: EWaybill error for BSINVP03261521 — 604: E-way bill(s) are already generated for the same document number
Tyresoles.Protean.EWaybillGenerateException: EWaybill error for BSINVP03261521 — 604: E-way bill(s) are already generated for the same document number
   at Tyresoles.Protean.Services.EWaybillService.DecryptEwbResponse[TResult](EwbResponse resp, String sekBase64, String label) in D:\Work Desk\Tyresoles\back-end\Tyresoles.Protean\Services\EWaybillService.cs:line 192
   at Tyresoles.Protean.Services.EWaybillService.GenerateAsync(EWaybillRequest request, CancellationToken ct) in D:\Work Desk\Tyresoles\back-end\Tyresoles.Protean\Services\EWaybillService.cs:line 49
   at Tyresoles.Data.Features.Sales.ProteanService.<>c__DisplayClass12_0.<<RunEWBProcessAsync>b__0>d.MoveNext() in D:\Work Desk\Tyresoles\back-end\Tyresoles.Data\Features\Sales\ProteanDataService.cs:line 528
SQL INF [ProteanDataService.GetCredentialsForInvoiceAsync] [Query] Tenant=NavLive Executable Query:
SELECT TOP (1) * FROM [dbo].[Tyresoles (India) Pvt_ Ltd_$Responsibility Center] t0 WHERE [Code] IN (SELECT [Responsibility Center] AS [ResponsibilityCenter] FROM [dbo].[Tyresoles (India) Pvt_ Ltd_$Sales Invoice Header] t0 WHERE ([No_] = 'BSINVP03261521'))
SQL ERR [ExecutionContext.RunInternal] [Query] Tenant=NavLive Executable Query failed:
SELECT TOP (1) * FROM [dbo].[Tyresoles (India) Pvt_ Ltd_$Responsibility Center] t0 WHERE [Code] IN (SELECT [Responsibility Center] AS [ResponsibilityCenter] FROM [dbo].[Tyresoles (India) Pvt_ Ltd_$Sales Invoice Header] t0 WHERE ([No_] = 'BSINVP03261521'))
System.InvalidOperationException: There is already an open DataReader associated with this Connection which must be closed first.
   at Microsoft.Data.SqlClient.SqlCommand.<>c.<ExecuteDbDataReaderAsync>b__195_0(Task`1 result)
   at System.Threading.Tasks.ContinuationResultTaskFromResultTask`2.InnerInvoke()
   at System.Threading.ExecutionContext.RunInternal(ExecutionContext executionContext, ContextCallback callback, Object state)
--- End of stack trace from previous location ---
   at System.Threading.ExecutionContext.RunInternal(ExecutionContext executionContext, ContextCallback callback, Object state)
   at System.Threading.Tasks.Task.ExecuteWithThreadLocal(Task& currentTaskSlot, Thread threadPoolThread)
--- End of stack trace from previous location ---
   at Tyresoles.Sql.Core.TenantScope.StreamAsync[T](IQuery`1 query, CancellationToken ct)+MoveNext() in D:\Work Desk\Tyresoles\back-end\Tyresoles.Sql\Core\TenantScope.cs:line 171
ERR [ProteanService.GetEwbByDocNoAsync] GetEwbByDocNoAsync failed for BSINVP03261521
System.InvalidOperationException: There is already an open DataReader associated with this Connection which must be closed first.
   at Microsoft.Data.SqlClient.SqlCommand.<>c.<ExecuteDbDataReaderAsync>b__195_0(Task`1 result)
   at System.Threading.Tasks.ContinuationResultTaskFromResultTask`2.InnerInvoke()
   at System.Threading.ExecutionContext.RunInternal(ExecutionContext executionContext, ContextCallback callback, Object state)
--- End of stack trace from previous location ---
   at System.Threading.ExecutionContext.RunInternal(ExecutionContext executionContext, ContextCallback callback, Object state)
   at System.Threading.Tasks.Task.ExecuteWithThreadLocal(Task& currentTaskSlot, Thread threadPoolThread)
--- End of stack trace from previous location ---
   at Tyresoles.Sql.Core.TenantScope.StreamAsync[T](IQuery`1 query, CancellationToken ct)+MoveNext() in D:\Work Desk\Tyresoles\back-end\Tyresoles.Sql\Core\TenantScope.cs:line 171
   at Tyresoles.Sql.Core.TenantScope.StreamAsync[T](IQuery`1 query, CancellationToken ct)+System.Threading.Tasks.Sources.IValueTaskSource<System.Boolean>.GetResult()
   at Tyresoles.Sql.Core.TenantScope.ToArrayAsync[T](IQuery`1 query, CancellationToken ct) in D:\Work Desk\Tyresoles\back-end\Tyresoles.Sql\Core\TenantScope.cs:line 222
   at Tyresoles.Sql.Core.TenantScope.ToArrayAsync[T](IQuery`1 query, CancellationToken ct) in D:\Work Desk\Tyresoles\back-end\Tyresoles.Sql\Core\TenantScope.cs:line 222
   at Tyresoles.Sql.Core.Query.Query`1.FirstOrDefaultAsync(CancellationToken ct) in D:\Work Desk\Tyresoles\back-end\Tyresoles.Sql\Core\Query\Query.cs:line 242
   at Tyresoles.Data.Features.Protean.ProteanDataService.GetCredentialsForInvoiceAsync(ITenantScope scope, String invoiceNo, CancellationToken ct) in D:\Work Desk\Tyresoles\back-end\Tyresoles.Data\Features\Protean\ProteanDataService.cs:line 666
   at Tyresoles.Data.Features.Sales.ProteanService.GetEwbByDocNoAsync(ITenantScope scope, String docType, String docNo, IEWaybillService eWaybillService, CancellationToken ct) in D:\Work Desk\Tyresoles\back-end\Tyresoles.Data\Features\Sales\ProteanDataService.cs:line 634
INF [EWaybillService.GetByDocumentAsync] GetEWaybillByDoc BSINVP03262047
INF [LogHelper.LogRequestPipelineStart] Start processing HTTP request GET https://api.proteangsp.co.in/gus/ewb/v1.03/ewayapi/GetEwayBillGeneratedByConsigner?*
INF [LogHelper.LogRequestStart] Sending HTTP request GET https://api.proteangsp.co.in/gus/ewb/v1.03/ewayapi/GetEwayBillGeneratedByConsigner?*
INF [LogHelper.LogRequestEnd] Received HTTP response headers after 105.9882ms - 200
INF [LogHelper.LogRequestPipelineEnd] End processing HTTP request after 106.6478ms - 200
INF [ProteanHttpClientBase.GetInternalAsync] Protean Raw Response (GET https://api.proteangsp.co.in/gus/ewb/v1.03/ewayapi/GetEwayBillGeneratedByConsigner?docType=INV&docNo=BSINVP03262047): {"status":"1","data":"PKrLLRZIIQ46W+To4iVeLOSrV45gHzKwxke5XO/NdfNt4musTLLDKYDJVQs/FHjICp1y/gl5VquXi/Npz0Ry+CyFJrtHlyeT21dCoyVGabYjnclBNwk2P6OyTHZUtdYOfA9NwKSAynYvSpMbRgfD94nQ6hmficc9kKhAUzij79A=","rek":"8+Kxs41geCNDNhDdD4I4XsCaC0avXqsCnqqbe3lDNt1SfLCVXBhs5ib0sbFQvj78","hmac":"JAbv+epxttcVUDEG1JjbmSVVhZSzcYqA/AMtZ3lIlfw="}
ERR [ProteanService.GetEwbByDocNoAsync] GetEwbByDocNoAsync failed for BSINVP03262047
System.FormatException: The input is not a valid Base-64 string as it contains a non-base 64 character, more than two padding characters, or an illegal character among the padding characters.
   at System.Convert.FromBase64CharPtr(Char* inputPtr, Int32 inputLength)
   at System.Convert.FromBase64String(String s)
   at Tyresoles.Protean.Services.EWaybillService.GetByDocumentAsync(EWaybillRequest request, CancellationToken ct) in D:\Work Desk\Tyresoles\back-end\Tyresoles.Protean\Services\EWaybillService.cs:line 141
   at Tyresoles.Data.Features.Sales.ProteanService.GetEwbByDocNoAsync(ITenantScope scope, String docType, String docNo, IEWaybillService eWaybillService, CancellationToken ct) in D:\Work Desk\Tyresoles\back-end\Tyresoles.Data\Features\Sales\ProteanDataService.cs:line 641
INF [EventDefinition`6.Log] Executed DbCommand (152ms) [Parameters=[@now='?' (DbType = DateTime2), @now1='?' (DbType = DateTime2)], CommandType='Text', CommandTimeout='300']
SELECT [r].[Id], [r].[Channel], [r].[EventId], [r].[IsSent], [r].[RemindAtUtc], [r].[SentAt], [r].[SnoozeUntilUtc], [c].[Id], [c].[CalendarId], [c].[CreatedAt], [c].[CreatedByUserId], [c].[Description], [c].[EndUtc], [c].[EventTypeId], [c].[ExceptionOccurrenceStartUtc], [c].[IsAllDay], [c].[IsDeleted], [c].[Location], [c].[MeetingLink], [c].[OwnerUserId], [c].[ParentEventId], [c].[RecurrenceRuleId], [c].[ShowAs], [c].[StartUtc], [c].[Status], [c].[TimeZoneId], [c].[Title], [c].[UpdatedAt], [c].[UpdatedByUserId], [c].[Visibility]
FROM [dbo].[Reminders] AS [r]
INNER JOIN [dbo].[CalendarEvents] AS [c] ON [r].[EventId] = [c].[Id]
WHERE [r].[IsSent] = CAST(0 AS bit) AND [r].[RemindAtUtc] <= @now AND ([r].[SnoozeUntilUtc] IS NULL OR [r].[SnoozeUntilUtc] <= @now1)
INF [EventDefinition`6.Log] Executed DbCommand (149ms) [Parameters=[@now='?' (DbType = DateTime2), @now1='?' (DbType = DateTime2)], CommandType='Text', CommandTimeout='300']
SELECT [r].[Id], [r].[Channel], [r].[EventId], [r].[IsSent], [r].[RemindAtUtc], [r].[SentAt], [r].[SnoozeUntilUtc], [c].[Id], [c].[CalendarId], [c].[CreatedAt], [c].[CreatedByUserId], [c].[Description], [c].[EndUtc], [c].[EventTypeId], [c].[ExceptionOccurrenceStartUtc], [c].[IsAllDay], [c].[IsDeleted], [c].[Location], [c].[MeetingLink], [c].[OwnerUserId], [c].[ParentEventId], [c].[RecurrenceRuleId], [c].[ShowAs], [c].[StartUtc], [c].[Status], [c].[TimeZoneId], [c].[Title], [c].[UpdatedAt], [c].[UpdatedByUserId], [c].[Visibility]
FROM [dbo].[Reminders] AS [r]
INNER JOIN [dbo].[CalendarEvents] AS [c] ON [r].[EventId] = [c].[Id]
WHERE [r].[IsSent] = CAST(0 AS bit) AND [r].[RemindAtUtc] <= @now AND ([r].[SnoozeUntilUtc] IS NULL OR [r].[SnoozeUntilUtc] <= @now1)
INF [EventDefinition`6.Log] Executed DbCommand (45ms) [Parameters=[@now='?' (DbType = DateTime2), @now1='?' (DbType = DateTime2)], CommandType='Text', CommandTimeout='300']
SELECT [r].[Id], [r].[Channel], [r].[EventId], [r].[IsSent], [r].[RemindAtUtc], [r].[SentAt], [r].[SnoozeUntilUtc], [c].[Id], [c].[CalendarId], [c].[CreatedAt], [c].[CreatedByUserId], [c].[Description], [c].[EndUtc], [c].[EventTypeId], [c].[ExceptionOccurrenceStartUtc], [c].[IsAllDay], [c].[IsDeleted], [c].[Location], [c].[MeetingLink], [c].[OwnerUserId], [c].[ParentEventId], [c].[RecurrenceRuleId], [c].[ShowAs], [c].[StartUtc], [c].[Status], [c].[TimeZoneId], [c].[Title], [c].[UpdatedAt], [c].[UpdatedByUserId], [c].[Visibility]
FROM [dbo].[Reminders] AS [r]
INNER JOIN [dbo].[CalendarEvents] AS [c] ON [r].[EventId] = [c].[Id]
WHERE [r].[IsSent] = CAST(0 AS bit) AND [r].[RemindAtUtc] <= @now AND ([r].[SnoozeUntilUtc] IS NULL OR [r].[SnoozeUntilUtc] <= @now1)
INF [EventDefinition`6.Log] Executed DbCommand (49ms) [Parameters=[@now='?' (DbType = DateTime2), @now1='?' (DbType = DateTime2)], CommandType='Text', CommandTimeout='300']
SELECT [r].[Id], [r].[Channel], [r].[EventId], [r].[IsSent], [r].[RemindAtUtc], [r].[SentAt], [r].[SnoozeUntilUtc], [c].[Id], [c].[CalendarId], [c].[CreatedAt], [c].[CreatedByUserId], [c].[Description], [c].[EndUtc], [c].[EventTypeId], [c].[ExceptionOccurrenceStartUtc], [c].[IsAllDay], [c].[IsDeleted], [c].[Location], [c].[MeetingLink], [c].[OwnerUserId], [c].[ParentEventId], [c].[RecurrenceRuleId], [c].[ShowAs], [c].[StartUtc], [c].[Status], [c].[TimeZoneId], [c].[Title], [c].[UpdatedAt], [c].[UpdatedByUserId], [c].[Visibility]
FROM [dbo].[Reminders] AS [r]
INNER JOIN [dbo].[CalendarEvents] AS [c] ON [r].[EventId] = [c].[Id]
WHERE [r].[IsSent] = CAST(0 AS bit) AND [r].[RemindAtUtc] <= @now AND ([r].[SnoozeUntilUtc] IS NULL OR [r].[SnoozeUntilUtc] <= @now1)
